

Version:	3.50
CmdLine:	E:\Coisas essências para o Pc  (CSGO)\Todos os projetos\Projetos para meter GitHub\Projetos Java Netbeans\CalculatorProject.exe --l4j-debug
JNI:		No
WOW64:		Yes
Working dir:	E:\Coisas essências para o Pc  (CSGO)\Todos os projetos\Projetos para meter GitHub\Projetos Java Netbeans\.
Requires JDK:	No
Requires 64-Bit: No
Java min ver:	
Java max ver:	
Substitute:	JAVA_HOME = 
Substitute:	PATH = C:\Program Files (x86)\Common Files\Intel\Shared Libraries\redist\intel64\compiler;C:\Program Files\Common Files\Oracle\Java\javapath;C:\Program Files (x86)\Common Files\Oracle\Java\java8path;C:\Program Files (x86)\Common Files\Oracle\Java\javapath;C:\Program Files (x86)\Intel\Intel(R) Management Engine Components\iCLS\;C:\Program Files\Intel\Intel(R) Management Engine Components\iCLS\;C:\Windows\system32;C:\Windows;C:\Windows\System32\Wbem;C:\Windows\System32\WindowsPowerShell\v1.0\;C:\Windows\System32\OpenSSH\;C:\Program Files (x86)\Intel\Intel(R) Management Engine Components\DAL;C:\Program Files\Intel\Intel(R) Management Engine Components\DAL;C:\Program Files (x86)\Intel\Intel(R) Management Engine Components\IPT;C:\Program Files\Intel\Intel(R) Management Engine Components\IPT;C:\Program Files (x86)\NVIDIA Corporation\PhysX\Common;C:\MinGW\bin;D:\MinGW\bin;C:\Program Files\dotnet\;C:\Program Files\NVIDIA Corporation\NVIDIA NvDLISR;D:\Putty\;C:\Users\MadaraExtreme\AppData\Local\Programs\Python\Python311\Scripts\;C:\Users\MadaraExtreme\AppData\Local\Programs\Python\Python311\;C:\Users\MadaraExtreme\AppData\Local\Programs\Python\Launcher\;C:\Users\MadaraExtreme\AppData\Local\Microsoft\WindowsApps;C:\MinGW\bin;C:\Users\MadaraExtreme\AppData\Local\Programs\Microsoft VS Code\bin;D:\MinGW\bin;C:\Users\MadaraExtreme\AppData\Local\GitHubDesktop\bin;C:\Program Files\Java\jre1.8.0_421\bin
JRE paths:	;C:\Program Files (x86)\Common Files\Intel\Shared Libraries\redist\intel64\compiler;C:\Program Files\Common Files\Oracle\Java\javapath;C:\Program Files (x86)\Common Files\Oracle\Java\java8path;C:\Program Files (x86)\Common Files\Oracle\Java\javapath;C:\Program Files (x86)\Intel\Intel(R) Management Engine Components\iCLS\;C:\Program Files\Intel\Intel(R) Management Engine Components\iCLS\;C:\Windows\system32;C:\Windows;C:\Windows\System32\Wbem;C:\Windows\System32\WindowsPowerShell\v1.0\;C:\Windows\System32\OpenSSH\;C:\Program Files (x86)\Intel\Intel(R) Management Engine Components\DAL;C:\Program Files\Intel\Intel(R) Management Engine Components\DAL;C:\Program Files (x86)\Intel\Intel(R) Management Engine Components\IPT;C:\Program Files\Intel\Intel(R) Management Engine Components\IPT;C:\Program Files (x86)\NVIDIA Corporation\PhysX\Common;C:\MinGW\bin;D:\MinGW\bin;C:\Program Files\dotnet\;C:\Program Files\NVIDIA Corporation\NVIDIA NvDLISR;D:\Putty\;C:\Users\MadaraExtreme\AppData\Local\Programs\Python\Python311\Scripts\;C:\Users\MadaraExtreme\AppData\Local\Programs\Python\Python311\;C:\Users\MadaraExtreme\AppData\Local\Programs\Python\Launcher\;C:\Users\MadaraExtreme\AppData\Local\Microsoft\WindowsApps;C:\MinGW\bin;C:\Users\MadaraExtreme\AppData\Local\Programs\Microsoft VS Code\bin;D:\MinGW\bin;C:\Users\MadaraExtreme\AppData\Local\GitHubDesktop\bin;C:\Program Files\Java\jre1.8.0_421\bin
Check launcher:	C:\Program Files (x86)\Common Files\Intel\Shared Libraries\redist\intel64\compiler\bin\javaw.exe (not found)
Check launcher:	C:\Program Files\Common Files\Oracle\Java\javapath\bin\javaw.exe (not found)
Check launcher:	C:\Program Files (x86)\Common Files\Oracle\Java\java8path\bin\javaw.exe (not found)
Check launcher:	C:\Program Files (x86)\Common Files\Oracle\Java\javapath\bin\javaw.exe (not found)
Check launcher:	C:\Program Files (x86)\Intel\Intel(R) Management Engine Components\iCLS\bin\javaw.exe (not found)
Check launcher:	C:\Program Files\Intel\Intel(R) Management Engine Components\iCLS\bin\javaw.exe (not found)
Check launcher:	C:\Windows\system32\bin\javaw.exe (not found)
Check launcher:	C:\Windows\bin\javaw.exe (not found)
Check launcher:	C:\Windows\System32\Wbem\bin\javaw.exe (not found)
Check launcher:	C:\Windows\System32\WindowsPowerShell\v1.0\bin\javaw.exe (not found)
Check launcher:	C:\Windows\System32\OpenSSH\bin\javaw.exe (not found)
Check launcher:	C:\Program Files (x86)\Intel\Intel(R) Management Engine Components\DAL\bin\javaw.exe (not found)
Check launcher:	C:\Program Files\Intel\Intel(R) Management Engine Components\DAL\bin\javaw.exe (not found)
Check launcher:	C:\Program Files (x86)\Intel\Intel(R) Management Engine Components\IPT\bin\javaw.exe (not found)
Check launcher:	C:\Program Files\Intel\Intel(R) Management Engine Components\IPT\bin\javaw.exe (not found)
Check launcher:	C:\Program Files (x86)\NVIDIA Corporation\PhysX\Common\bin\javaw.exe (not found)
Check launcher:	C:\MinGW\bin\javaw.exe (not found)
Check launcher:	D:\MinGW\bin\javaw.exe (not found)
Check launcher:	C:\Program Files\dotnet\bin\javaw.exe (not found)
Check launcher:	C:\Program Files\NVIDIA Corporation\NVIDIA NvDLISR\bin\javaw.exe (not found)
Check launcher:	D:\Putty\bin\javaw.exe (not found)
Check launcher:	C:\Users\MadaraExtreme\AppData\Local\Programs\Python\Python311\Scripts\bin\javaw.exe (not found)
Check launcher:	C:\Users\MadaraExtreme\AppData\Local\Programs\Python\Python311\bin\javaw.exe (not found)
Check launcher:	C:\Users\MadaraExtreme\AppData\Local\Programs\Python\Launcher\bin\javaw.exe (not found)
Check launcher:	C:\Users\MadaraExtreme\AppData\Local\Microsoft\WindowsApps\bin\javaw.exe (not found)
Check launcher:	C:\MinGW\bin\javaw.exe (not found)
Check launcher:	C:\Users\MadaraExtreme\AppData\Local\Programs\Microsoft VS Code\bin\javaw.exe (not found)
Check launcher:	D:\MinGW\bin\javaw.exe (not found)
Check launcher:	C:\Users\MadaraExtreme\AppData\Local\GitHubDesktop\bin\javaw.exe (not found)
Check launcher:	C:\Program Files\Java\jre1.8.0_421\bin\javaw.exe (OK)
Version string: 1.008.000_421 / 64-Bit (OK)
Launcher:	C:\Program Files\Java\jre1.8.0_421\bin\javaw.exe
Launcher args:	-jar "E:\Coisas essências para o Pc  (CSGO)\Todos os projetos\Projetos para meter GitHub\Projetos Java Netbeans\CalculatorProject.exe"
Args length:	134/32768 chars
Exit code:	0


Version:	3.50
CmdLine:	E:\Coisas essências para o Pc  (CSGO)\Todos os projetos\Projetos para meter GitHub\Projetos Java Netbeans\CalculatorProject.exe --l4j-debug
JNI:		No
WOW64:		Yes
Working dir:	E:\Coisas essências para o Pc  (CSGO)\Todos os projetos\Projetos para meter GitHub\Projetos Java Netbeans\.
Requires JDK:	No
Requires 64-Bit: No
Java min ver:	1.008.000
Java max ver:	
Substitute:	JAVA_HOME = 
Substitute:	PATH = C:\Program Files (x86)\Common Files\Intel\Shared Libraries\redist\intel64\compiler;C:\Program Files\Common Files\Oracle\Java\javapath;C:\Program Files (x86)\Common Files\Oracle\Java\java8path;C:\Program Files (x86)\Common Files\Oracle\Java\javapath;C:\Program Files (x86)\Intel\Intel(R) Management Engine Components\iCLS\;C:\Program Files\Intel\Intel(R) Management Engine Components\iCLS\;C:\Windows\system32;C:\Windows;C:\Windows\System32\Wbem;C:\Windows\System32\WindowsPowerShell\v1.0\;C:\Windows\System32\OpenSSH\;C:\Program Files (x86)\Intel\Intel(R) Management Engine Components\DAL;C:\Program Files\Intel\Intel(R) Management Engine Components\DAL;C:\Program Files (x86)\Intel\Intel(R) Management Engine Components\IPT;C:\Program Files\Intel\Intel(R) Management Engine Components\IPT;C:\Program Files (x86)\NVIDIA Corporation\PhysX\Common;C:\MinGW\bin;D:\MinGW\bin;C:\Program Files\dotnet\;C:\Program Files\NVIDIA Corporation\NVIDIA NvDLISR;D:\Putty\;C:\Users\MadaraExtreme\AppData\Local\Programs\Python\Python311\Scripts\;C:\Users\MadaraExtreme\AppData\Local\Programs\Python\Python311\;C:\Users\MadaraExtreme\AppData\Local\Programs\Python\Launcher\;C:\Users\MadaraExtreme\AppData\Local\Microsoft\WindowsApps;C:\MinGW\bin;C:\Users\MadaraExtreme\AppData\Local\Programs\Microsoft VS Code\bin;D:\MinGW\bin;C:\Users\MadaraExtreme\AppData\Local\GitHubDesktop\bin;C:\Program Files\Java\jre1.8.0_421\bin
JRE paths:	;C:\Program Files (x86)\Common Files\Intel\Shared Libraries\redist\intel64\compiler;C:\Program Files\Common Files\Oracle\Java\javapath;C:\Program Files (x86)\Common Files\Oracle\Java\java8path;C:\Program Files (x86)\Common Files\Oracle\Java\javapath;C:\Program Files (x86)\Intel\Intel(R) Management Engine Components\iCLS\;C:\Program Files\Intel\Intel(R) Management Engine Components\iCLS\;C:\Windows\system32;C:\Windows;C:\Windows\System32\Wbem;C:\Windows\System32\WindowsPowerShell\v1.0\;C:\Windows\System32\OpenSSH\;C:\Program Files (x86)\Intel\Intel(R) Management Engine Components\DAL;C:\Program Files\Intel\Intel(R) Management Engine Components\DAL;C:\Program Files (x86)\Intel\Intel(R) Management Engine Components\IPT;C:\Program Files\Intel\Intel(R) Management Engine Components\IPT;C:\Program Files (x86)\NVIDIA Corporation\PhysX\Common;C:\MinGW\bin;D:\MinGW\bin;C:\Program Files\dotnet\;C:\Program Files\NVIDIA Corporation\NVIDIA NvDLISR;D:\Putty\;C:\Users\MadaraExtreme\AppData\Local\Programs\Python\Python311\Scripts\;C:\Users\MadaraExtreme\AppData\Local\Programs\Python\Python311\;C:\Users\MadaraExtreme\AppData\Local\Programs\Python\Launcher\;C:\Users\MadaraExtreme\AppData\Local\Microsoft\WindowsApps;C:\MinGW\bin;C:\Users\MadaraExtreme\AppData\Local\Programs\Microsoft VS Code\bin;D:\MinGW\bin;C:\Users\MadaraExtreme\AppData\Local\GitHubDesktop\bin;C:\Program Files\Java\jre1.8.0_421\bin
Check launcher:	C:\Program Files (x86)\Common Files\Intel\Shared Libraries\redist\intel64\compiler\bin\javaw.exe (not found)
Check launcher:	C:\Program Files\Common Files\Oracle\Java\javapath\bin\javaw.exe (not found)
Check launcher:	C:\Program Files (x86)\Common Files\Oracle\Java\java8path\bin\javaw.exe (not found)
Check launcher:	C:\Program Files (x86)\Common Files\Oracle\Java\javapath\bin\javaw.exe (not found)
Check launcher:	C:\Program Files (x86)\Intel\Intel(R) Management Engine Components\iCLS\bin\javaw.exe (not found)
Check launcher:	C:\Program Files\Intel\Intel(R) Management Engine Components\iCLS\bin\javaw.exe (not found)
Check launcher:	C:\Windows\system32\bin\javaw.exe (not found)
Check launcher:	C:\Windows\bin\javaw.exe (not found)
Check launcher:	C:\Windows\System32\Wbem\bin\javaw.exe (not found)
Check launcher:	C:\Windows\System32\WindowsPowerShell\v1.0\bin\javaw.exe (not found)
Check launcher:	C:\Windows\System32\OpenSSH\bin\javaw.exe (not found)
Check launcher:	C:\Program Files (x86)\Intel\Intel(R) Management Engine Components\DAL\bin\javaw.exe (not found)
Check launcher:	C:\Program Files\Intel\Intel(R) Management Engine Components\DAL\bin\javaw.exe (not found)
Check launcher:	C:\Program Files (x86)\Intel\Intel(R) Management Engine Components\IPT\bin\javaw.exe (not found)
Check launcher:	C:\Program Files\Intel\Intel(R) Management Engine Components\IPT\bin\javaw.exe (not found)
Check launcher:	C:\Program Files (x86)\NVIDIA Corporation\PhysX\Common\bin\javaw.exe (not found)
Check launcher:	C:\MinGW\bin\javaw.exe (not found)
Check launcher:	D:\MinGW\bin\javaw.exe (not found)
Check launcher:	C:\Program Files\dotnet\bin\javaw.exe (not found)
Check launcher:	C:\Program Files\NVIDIA Corporation\NVIDIA NvDLISR\bin\javaw.exe (not found)
Check launcher:	D:\Putty\bin\javaw.exe (not found)
Check launcher:	C:\Users\MadaraExtreme\AppData\Local\Programs\Python\Python311\Scripts\bin\javaw.exe (not found)
Check launcher:	C:\Users\MadaraExtreme\AppData\Local\Programs\Python\Python311\bin\javaw.exe (not found)
Check launcher:	C:\Users\MadaraExtreme\AppData\Local\Programs\Python\Launcher\bin\javaw.exe (not found)
Check launcher:	C:\Users\MadaraExtreme\AppData\Local\Microsoft\WindowsApps\bin\javaw.exe (not found)
Check launcher:	C:\MinGW\bin\javaw.exe (not found)
Check launcher:	C:\Users\MadaraExtreme\AppData\Local\Programs\Microsoft VS Code\bin\javaw.exe (not found)
Check launcher:	D:\MinGW\bin\javaw.exe (not found)
Check launcher:	C:\Users\MadaraExtreme\AppData\Local\GitHubDesktop\bin\javaw.exe (not found)
Check launcher:	C:\Program Files\Java\jre1.8.0_421\bin\javaw.exe (OK)
Version string: 1.008.000_421 / 64-Bit (OK)
Launcher:	C:\Program Files\Java\jre1.8.0_421\bin\javaw.exe
Launcher args:	-jar "E:\Coisas essências para o Pc  (CSGO)\Todos os projetos\Projetos para meter GitHub\Projetos Java Netbeans\CalculatorProject.exe"
Args length:	134/32768 chars
Exit code:	0


Version:	3.50
CmdLine:	E:\Coisas essências para o Pc  (CSGO)\Todos os projetos\Projetos para meter GitHub\Projetos Java Netbeans\CalculatorProject.exe --l4j-debug
JNI:		No
WOW64:		Yes
Working dir:	E:\Coisas essências para o Pc  (CSGO)\Todos os projetos\Projetos para meter GitHub\Projetos Java Netbeans\.
Requires JDK:	No
Requires 64-Bit: No
Java min ver:	1.008.000
Java max ver:	
Substitute:	JAVA_HOME = 
Substitute:	PATH = C:\Program Files (x86)\Common Files\Intel\Shared Libraries\redist\intel64\compiler;C:\Program Files\Common Files\Oracle\Java\javapath;C:\Program Files (x86)\Common Files\Oracle\Java\java8path;C:\Program Files (x86)\Common Files\Oracle\Java\javapath;C:\Program Files (x86)\Intel\Intel(R) Management Engine Components\iCLS\;C:\Program Files\Intel\Intel(R) Management Engine Components\iCLS\;C:\Windows\system32;C:\Windows;C:\Windows\System32\Wbem;C:\Windows\System32\WindowsPowerShell\v1.0\;C:\Windows\System32\OpenSSH\;C:\Program Files (x86)\Intel\Intel(R) Management Engine Components\DAL;C:\Program Files\Intel\Intel(R) Management Engine Components\DAL;C:\Program Files (x86)\Intel\Intel(R) Management Engine Components\IPT;C:\Program Files\Intel\Intel(R) Management Engine Components\IPT;C:\Program Files (x86)\NVIDIA Corporation\PhysX\Common;C:\MinGW\bin;D:\MinGW\bin;C:\Program Files\dotnet\;C:\Program Files\NVIDIA Corporation\NVIDIA NvDLISR;D:\Putty\;C:\Users\MadaraExtreme\AppData\Local\Programs\Python\Python311\Scripts\;C:\Users\MadaraExtreme\AppData\Local\Programs\Python\Python311\;C:\Users\MadaraExtreme\AppData\Local\Programs\Python\Launcher\;C:\Users\MadaraExtreme\AppData\Local\Microsoft\WindowsApps;C:\MinGW\bin;C:\Users\MadaraExtreme\AppData\Local\Programs\Microsoft VS Code\bin;D:\MinGW\bin;C:\Users\MadaraExtreme\AppData\Local\GitHubDesktop\bin;C:\Program Files\Java\jre1.8.0_421\bin
JRE paths:	;C:\Program Files (x86)\Common Files\Intel\Shared Libraries\redist\intel64\compiler;C:\Program Files\Common Files\Oracle\Java\javapath;C:\Program Files (x86)\Common Files\Oracle\Java\java8path;C:\Program Files (x86)\Common Files\Oracle\Java\javapath;C:\Program Files (x86)\Intel\Intel(R) Management Engine Components\iCLS\;C:\Program Files\Intel\Intel(R) Management Engine Components\iCLS\;C:\Windows\system32;C:\Windows;C:\Windows\System32\Wbem;C:\Windows\System32\WindowsPowerShell\v1.0\;C:\Windows\System32\OpenSSH\;C:\Program Files (x86)\Intel\Intel(R) Management Engine Components\DAL;C:\Program Files\Intel\Intel(R) Management Engine Components\DAL;C:\Program Files (x86)\Intel\Intel(R) Management Engine Components\IPT;C:\Program Files\Intel\Intel(R) Management Engine Components\IPT;C:\Program Files (x86)\NVIDIA Corporation\PhysX\Common;C:\MinGW\bin;D:\MinGW\bin;C:\Program Files\dotnet\;C:\Program Files\NVIDIA Corporation\NVIDIA NvDLISR;D:\Putty\;C:\Users\MadaraExtreme\AppData\Local\Programs\Python\Python311\Scripts\;C:\Users\MadaraExtreme\AppData\Local\Programs\Python\Python311\;C:\Users\MadaraExtreme\AppData\Local\Programs\Python\Launcher\;C:\Users\MadaraExtreme\AppData\Local\Microsoft\WindowsApps;C:\MinGW\bin;C:\Users\MadaraExtreme\AppData\Local\Programs\Microsoft VS Code\bin;D:\MinGW\bin;C:\Users\MadaraExtreme\AppData\Local\GitHubDesktop\bin;C:\Program Files\Java\jre1.8.0_421\bin
Check launcher:	C:\Program Files (x86)\Common Files\Intel\Shared Libraries\redist\intel64\compiler\bin\javaw.exe (not found)
Check launcher:	C:\Program Files\Common Files\Oracle\Java\javapath\bin\javaw.exe (not found)
Check launcher:	C:\Program Files (x86)\Common Files\Oracle\Java\java8path\bin\javaw.exe (not found)
Check launcher:	C:\Program Files (x86)\Common Files\Oracle\Java\javapath\bin\javaw.exe (not found)
Check launcher:	C:\Program Files (x86)\Intel\Intel(R) Management Engine Components\iCLS\bin\javaw.exe (not found)
Check launcher:	C:\Program Files\Intel\Intel(R) Management Engine Components\iCLS\bin\javaw.exe (not found)
Check launcher:	C:\Windows\system32\bin\javaw.exe (not found)
Check launcher:	C:\Windows\bin\javaw.exe (not found)
Check launcher:	C:\Windows\System32\Wbem\bin\javaw.exe (not found)
Check launcher:	C:\Windows\System32\WindowsPowerShell\v1.0\bin\javaw.exe (not found)
Check launcher:	C:\Windows\System32\OpenSSH\bin\javaw.exe (not found)
Check launcher:	C:\Program Files (x86)\Intel\Intel(R) Management Engine Components\DAL\bin\javaw.exe (not found)
Check launcher:	C:\Program Files\Intel\Intel(R) Management Engine Components\DAL\bin\javaw.exe (not found)
Check launcher:	C:\Program Files (x86)\Intel\Intel(R) Management Engine Components\IPT\bin\javaw.exe (not found)
Check launcher:	C:\Program Files\Intel\Intel(R) Management Engine Components\IPT\bin\javaw.exe (not found)
Check launcher:	C:\Program Files (x86)\NVIDIA Corporation\PhysX\Common\bin\javaw.exe (not found)
Check launcher:	C:\MinGW\bin\javaw.exe (not found)
Check launcher:	D:\MinGW\bin\javaw.exe (not found)
Check launcher:	C:\Program Files\dotnet\bin\javaw.exe (not found)
Check launcher:	C:\Program Files\NVIDIA Corporation\NVIDIA NvDLISR\bin\javaw.exe (not found)
Check launcher:	D:\Putty\bin\javaw.exe (not found)
Check launcher:	C:\Users\MadaraExtreme\AppData\Local\Programs\Python\Python311\Scripts\bin\javaw.exe (not found)
Check launcher:	C:\Users\MadaraExtreme\AppData\Local\Programs\Python\Python311\bin\javaw.exe (not found)
Check launcher:	C:\Users\MadaraExtreme\AppData\Local\Programs\Python\Launcher\bin\javaw.exe (not found)
Check launcher:	C:\Users\MadaraExtreme\AppData\Local\Microsoft\WindowsApps\bin\javaw.exe (not found)
Check launcher:	C:\MinGW\bin\javaw.exe (not found)
Check launcher:	C:\Users\MadaraExtreme\AppData\Local\Programs\Microsoft VS Code\bin\javaw.exe (not found)
Check launcher:	D:\MinGW\bin\javaw.exe (not found)
Check launcher:	C:\Users\MadaraExtreme\AppData\Local\GitHubDesktop\bin\javaw.exe (not found)
Check launcher:	C:\Program Files\Java\jre1.8.0_421\bin\javaw.exe (OK)
Version string: 1.008.000_421 / 64-Bit (OK)
Launcher:	C:\Program Files\Java\jre1.8.0_421\bin\javaw.exe
Launcher args:	-jar "E:\Coisas essências para o Pc  (CSGO)\Todos os projetos\Projetos para meter GitHub\Projetos Java Netbeans\CalculatorProject.exe"
Args length:	134/32768 chars
Exit code:	0


Version:	3.50
CmdLine:	E:\Coisas essências para o Pc  (CSGO)\Todos os projetos\Projetos para meter GitHub\Projetos Java Netbeans\CalculatorProject.exe --l4j-debug
JNI:		No
WOW64:		Yes
Working dir:	E:\Coisas essências para o Pc  (CSGO)\Todos os projetos\Projetos para meter GitHub\Projetos Java Netbeans\.
Requires JDK:	No
Requires 64-Bit: No
Java min ver:	1.008.000
Java max ver:	
Substitute:	JAVA_HOME = 
Substitute:	PATH = C:\Program Files (x86)\Common Files\Intel\Shared Libraries\redist\intel64\compiler;C:\Program Files\Common Files\Oracle\Java\javapath;C:\Program Files (x86)\Common Files\Oracle\Java\java8path;C:\Program Files (x86)\Common Files\Oracle\Java\javapath;C:\Program Files (x86)\Intel\Intel(R) Management Engine Components\iCLS\;C:\Program Files\Intel\Intel(R) Management Engine Components\iCLS\;C:\Windows\system32;C:\Windows;C:\Windows\System32\Wbem;C:\Windows\System32\WindowsPowerShell\v1.0\;C:\Windows\System32\OpenSSH\;C:\Program Files (x86)\Intel\Intel(R) Management Engine Components\DAL;C:\Program Files\Intel\Intel(R) Management Engine Components\DAL;C:\Program Files (x86)\Intel\Intel(R) Management Engine Components\IPT;C:\Program Files\Intel\Intel(R) Management Engine Components\IPT;C:\Program Files (x86)\NVIDIA Corporation\PhysX\Common;C:\MinGW\bin;D:\MinGW\bin;C:\Program Files\dotnet\;C:\Program Files\NVIDIA Corporation\NVIDIA NvDLISR;D:\Putty\;C:\Users\MadaraExtreme\AppData\Local\Programs\Python\Python311\Scripts\;C:\Users\MadaraExtreme\AppData\Local\Programs\Python\Python311\;C:\Users\MadaraExtreme\AppData\Local\Programs\Python\Launcher\;C:\Users\MadaraExtreme\AppData\Local\Microsoft\WindowsApps;C:\MinGW\bin;C:\Users\MadaraExtreme\AppData\Local\Programs\Microsoft VS Code\bin;D:\MinGW\bin;C:\Users\MadaraExtreme\AppData\Local\GitHubDesktop\bin;C:\Program Files\Java\jre1.8.0_421\bin
JRE paths:	;C:\Program Files (x86)\Common Files\Intel\Shared Libraries\redist\intel64\compiler;C:\Program Files\Common Files\Oracle\Java\javapath;C:\Program Files (x86)\Common Files\Oracle\Java\java8path;C:\Program Files (x86)\Common Files\Oracle\Java\javapath;C:\Program Files (x86)\Intel\Intel(R) Management Engine Components\iCLS\;C:\Program Files\Intel\Intel(R) Management Engine Components\iCLS\;C:\Windows\system32;C:\Windows;C:\Windows\System32\Wbem;C:\Windows\System32\WindowsPowerShell\v1.0\;C:\Windows\System32\OpenSSH\;C:\Program Files (x86)\Intel\Intel(R) Management Engine Components\DAL;C:\Program Files\Intel\Intel(R) Management Engine Components\DAL;C:\Program Files (x86)\Intel\Intel(R) Management Engine Components\IPT;C:\Program Files\Intel\Intel(R) Management Engine Components\IPT;C:\Program Files (x86)\NVIDIA Corporation\PhysX\Common;C:\MinGW\bin;D:\MinGW\bin;C:\Program Files\dotnet\;C:\Program Files\NVIDIA Corporation\NVIDIA NvDLISR;D:\Putty\;C:\Users\MadaraExtreme\AppData\Local\Programs\Python\Python311\Scripts\;C:\Users\MadaraExtreme\AppData\Local\Programs\Python\Python311\;C:\Users\MadaraExtreme\AppData\Local\Programs\Python\Launcher\;C:\Users\MadaraExtreme\AppData\Local\Microsoft\WindowsApps;C:\MinGW\bin;C:\Users\MadaraExtreme\AppData\Local\Programs\Microsoft VS Code\bin;D:\MinGW\bin;C:\Users\MadaraExtreme\AppData\Local\GitHubDesktop\bin;C:\Program Files\Java\jre1.8.0_421\bin
Check launcher:	C:\Program Files (x86)\Common Files\Intel\Shared Libraries\redist\intel64\compiler\bin\javaw.exe (not found)
Check launcher:	C:\Program Files\Common Files\Oracle\Java\javapath\bin\javaw.exe (not found)
Check launcher:	C:\Program Files (x86)\Common Files\Oracle\Java\java8path\bin\javaw.exe (not found)
Check launcher:	C:\Program Files (x86)\Common Files\Oracle\Java\javapath\bin\javaw.exe (not found)
Check launcher:	C:\Program Files (x86)\Intel\Intel(R) Management Engine Components\iCLS\bin\javaw.exe (not found)
Check launcher:	C:\Program Files\Intel\Intel(R) Management Engine Components\iCLS\bin\javaw.exe (not found)
Check launcher:	C:\Windows\system32\bin\javaw.exe (not found)
Check launcher:	C:\Windows\bin\javaw.exe (not found)
Check launcher:	C:\Windows\System32\Wbem\bin\javaw.exe (not found)
Check launcher:	C:\Windows\System32\WindowsPowerShell\v1.0\bin\javaw.exe (not found)
Check launcher:	C:\Windows\System32\OpenSSH\bin\javaw.exe (not found)
Check launcher:	C:\Program Files (x86)\Intel\Intel(R) Management Engine Components\DAL\bin\javaw.exe (not found)
Check launcher:	C:\Program Files\Intel\Intel(R) Management Engine Components\DAL\bin\javaw.exe (not found)
Check launcher:	C:\Program Files (x86)\Intel\Intel(R) Management Engine Components\IPT\bin\javaw.exe (not found)
Check launcher:	C:\Program Files\Intel\Intel(R) Management Engine Components\IPT\bin\javaw.exe (not found)
Check launcher:	C:\Program Files (x86)\NVIDIA Corporation\PhysX\Common\bin\javaw.exe (not found)
Check launcher:	C:\MinGW\bin\javaw.exe (not found)
Check launcher:	D:\MinGW\bin\javaw.exe (not found)
Check launcher:	C:\Program Files\dotnet\bin\javaw.exe (not found)
Check launcher:	C:\Program Files\NVIDIA Corporation\NVIDIA NvDLISR\bin\javaw.exe (not found)
Check launcher:	D:\Putty\bin\javaw.exe (not found)
Check launcher:	C:\Users\MadaraExtreme\AppData\Local\Programs\Python\Python311\Scripts\bin\javaw.exe (not found)
Check launcher:	C:\Users\MadaraExtreme\AppData\Local\Programs\Python\Python311\bin\javaw.exe (not found)
Check launcher:	C:\Users\MadaraExtreme\AppData\Local\Programs\Python\Launcher\bin\javaw.exe (not found)
Check launcher:	C:\Users\MadaraExtreme\AppData\Local\Microsoft\WindowsApps\bin\javaw.exe (not found)
Check launcher:	C:\MinGW\bin\javaw.exe (not found)
Check launcher:	C:\Users\MadaraExtreme\AppData\Local\Programs\Microsoft VS Code\bin\javaw.exe (not found)
Check launcher:	D:\MinGW\bin\javaw.exe (not found)
Check launcher:	C:\Users\MadaraExtreme\AppData\Local\GitHubDesktop\bin\javaw.exe (not found)
Check launcher:	C:\Program Files\Java\jre1.8.0_421\bin\javaw.exe (OK)
Version string: 1.008.000_421 / 64-Bit (OK)
Launcher:	C:\Program Files\Java\jre1.8.0_421\bin\javaw.exe
Launcher args:	-jar "E:\Coisas essências para o Pc  (CSGO)\Todos os projetos\Projetos para meter GitHub\Projetos Java Netbeans\CalculatorProject.exe"
Args length:	134/32768 chars
Exit code:	0


Version:	3.50
CmdLine:	E:\Coisas essências para o Pc  (CSGO)\Todos os projetos\Projetos para meter GitHub\Projetos Java Netbeans\CalculatorProject.exe --l4j-debug
JNI:		No
WOW64:		Yes
Working dir:	E:\Coisas essências para o Pc  (CSGO)\Todos os projetos\Projetos para meter GitHub\Projetos Java Netbeans\.
Requires JDK:	No
Requires 64-Bit: No
Java min ver:	1.008.000
Java max ver:	
Substitute:	JAVA_HOME = 
Substitute:	PATH = C:\Program Files (x86)\Common Files\Intel\Shared Libraries\redist\intel64\compiler;C:\Program Files\Common Files\Oracle\Java\javapath;C:\Program Files (x86)\Common Files\Oracle\Java\java8path;C:\Program Files (x86)\Common Files\Oracle\Java\javapath;C:\Program Files (x86)\Intel\Intel(R) Management Engine Components\iCLS\;C:\Program Files\Intel\Intel(R) Management Engine Components\iCLS\;C:\Windows\system32;C:\Windows;C:\Windows\System32\Wbem;C:\Windows\System32\WindowsPowerShell\v1.0\;C:\Windows\System32\OpenSSH\;C:\Program Files (x86)\Intel\Intel(R) Management Engine Components\DAL;C:\Program Files\Intel\Intel(R) Management Engine Components\DAL;C:\Program Files (x86)\Intel\Intel(R) Management Engine Components\IPT;C:\Program Files\Intel\Intel(R) Management Engine Components\IPT;C:\Program Files (x86)\NVIDIA Corporation\PhysX\Common;C:\MinGW\bin;D:\MinGW\bin;C:\Program Files\dotnet\;C:\Program Files\NVIDIA Corporation\NVIDIA NvDLISR;D:\Putty\;C:\Users\MadaraExtreme\AppData\Local\Programs\Python\Python311\Scripts\;C:\Users\MadaraExtreme\AppData\Local\Programs\Python\Python311\;C:\Users\MadaraExtreme\AppData\Local\Programs\Python\Launcher\;C:\Users\MadaraExtreme\AppData\Local\Microsoft\WindowsApps;C:\MinGW\bin;C:\Users\MadaraExtreme\AppData\Local\Programs\Microsoft VS Code\bin;D:\MinGW\bin;C:\Users\MadaraExtreme\AppData\Local\GitHubDesktop\bin;C:\Program Files\Java\jre1.8.0_421\bin
JRE paths:	;C:\Program Files (x86)\Common Files\Intel\Shared Libraries\redist\intel64\compiler;C:\Program Files\Common Files\Oracle\Java\javapath;C:\Program Files (x86)\Common Files\Oracle\Java\java8path;C:\Program Files (x86)\Common Files\Oracle\Java\javapath;C:\Program Files (x86)\Intel\Intel(R) Management Engine Components\iCLS\;C:\Program Files\Intel\Intel(R) Management Engine Components\iCLS\;C:\Windows\system32;C:\Windows;C:\Windows\System32\Wbem;C:\Windows\System32\WindowsPowerShell\v1.0\;C:\Windows\System32\OpenSSH\;C:\Program Files (x86)\Intel\Intel(R) Management Engine Components\DAL;C:\Program Files\Intel\Intel(R) Management Engine Components\DAL;C:\Program Files (x86)\Intel\Intel(R) Management Engine Components\IPT;C:\Program Files\Intel\Intel(R) Management Engine Components\IPT;C:\Program Files (x86)\NVIDIA Corporation\PhysX\Common;C:\MinGW\bin;D:\MinGW\bin;C:\Program Files\dotnet\;C:\Program Files\NVIDIA Corporation\NVIDIA NvDLISR;D:\Putty\;C:\Users\MadaraExtreme\AppData\Local\Programs\Python\Python311\Scripts\;C:\Users\MadaraExtreme\AppData\Local\Programs\Python\Python311\;C:\Users\MadaraExtreme\AppData\Local\Programs\Python\Launcher\;C:\Users\MadaraExtreme\AppData\Local\Microsoft\WindowsApps;C:\MinGW\bin;C:\Users\MadaraExtreme\AppData\Local\Programs\Microsoft VS Code\bin;D:\MinGW\bin;C:\Users\MadaraExtreme\AppData\Local\GitHubDesktop\bin;C:\Program Files\Java\jre1.8.0_421\bin
Check launcher:	C:\Program Files (x86)\Common Files\Intel\Shared Libraries\redist\intel64\compiler\bin\javaw.exe (not found)
Check launcher:	C:\Program Files\Common Files\Oracle\Java\javapath\bin\javaw.exe (not found)
Check launcher:	C:\Program Files (x86)\Common Files\Oracle\Java\java8path\bin\javaw.exe (not found)
Check launcher:	C:\Program Files (x86)\Common Files\Oracle\Java\javapath\bin\javaw.exe (not found)
Check launcher:	C:\Program Files (x86)\Intel\Intel(R) Management Engine Components\iCLS\bin\javaw.exe (not found)
Check launcher:	C:\Program Files\Intel\Intel(R) Management Engine Components\iCLS\bin\javaw.exe (not found)
Check launcher:	C:\Windows\system32\bin\javaw.exe (not found)
Check launcher:	C:\Windows\bin\javaw.exe (not found)
Check launcher:	C:\Windows\System32\Wbem\bin\javaw.exe (not found)
Check launcher:	C:\Windows\System32\WindowsPowerShell\v1.0\bin\javaw.exe (not found)
Check launcher:	C:\Windows\System32\OpenSSH\bin\javaw.exe (not found)
Check launcher:	C:\Program Files (x86)\Intel\Intel(R) Management Engine Components\DAL\bin\javaw.exe (not found)
Check launcher:	C:\Program Files\Intel\Intel(R) Management Engine Components\DAL\bin\javaw.exe (not found)
Check launcher:	C:\Program Files (x86)\Intel\Intel(R) Management Engine Components\IPT\bin\javaw.exe (not found)
Check launcher:	C:\Program Files\Intel\Intel(R) Management Engine Components\IPT\bin\javaw.exe (not found)
Check launcher:	C:\Program Files (x86)\NVIDIA Corporation\PhysX\Common\bin\javaw.exe (not found)
Check launcher:	C:\MinGW\bin\javaw.exe (not found)
Check launcher:	D:\MinGW\bin\javaw.exe (not found)
Check launcher:	C:\Program Files\dotnet\bin\javaw.exe (not found)
Check launcher:	C:\Program Files\NVIDIA Corporation\NVIDIA NvDLISR\bin\javaw.exe (not found)
Check launcher:	D:\Putty\bin\javaw.exe (not found)
Check launcher:	C:\Users\MadaraExtreme\AppData\Local\Programs\Python\Python311\Scripts\bin\javaw.exe (not found)
Check launcher:	C:\Users\MadaraExtreme\AppData\Local\Programs\Python\Python311\bin\javaw.exe (not found)
Check launcher:	C:\Users\MadaraExtreme\AppData\Local\Programs\Python\Launcher\bin\javaw.exe (not found)
Check launcher:	C:\Users\MadaraExtreme\AppData\Local\Microsoft\WindowsApps\bin\javaw.exe (not found)
Check launcher:	C:\MinGW\bin\javaw.exe (not found)
Check launcher:	C:\Users\MadaraExtreme\AppData\Local\Programs\Microsoft VS Code\bin\javaw.exe (not found)
Check launcher:	D:\MinGW\bin\javaw.exe (not found)
Check launcher:	C:\Users\MadaraExtreme\AppData\Local\GitHubDesktop\bin\javaw.exe (not found)
Check launcher:	C:\Program Files\Java\jre1.8.0_421\bin\javaw.exe (OK)
Version string: 1.008.000_421 / 64-Bit (OK)
Launcher:	C:\Program Files\Java\jre1.8.0_421\bin\javaw.exe
Launcher args:	-jar "E:\Coisas essências para o Pc  (CSGO)\Todos os projetos\Projetos para meter GitHub\Projetos Java Netbeans\CalculatorProject.exe"
Args length:	134/32768 chars
Exit code:	0


Version:	3.50
CmdLine:	E:\Coisas essências para o Pc  (CSGO)\Todos os projetos\Projetos para meter GitHub\Projetos Java Netbeans\CalculatorProject.exe --l4j-debug
JNI:		No
WOW64:		Yes
Working dir:	E:\Coisas essências para o Pc  (CSGO)\Todos os projetos\Projetos para meter GitHub\Projetos Java Netbeans\.
Requires JDK:	No
Requires 64-Bit: No
Java min ver:	1.008.000
Java max ver:	
Substitute:	JAVA_HOME = 
Substitute:	PATH = C:\Program Files (x86)\Common Files\Intel\Shared Libraries\redist\intel64\compiler;C:\Program Files\Common Files\Oracle\Java\javapath;C:\Program Files (x86)\Common Files\Oracle\Java\java8path;C:\Program Files (x86)\Common Files\Oracle\Java\javapath;C:\Program Files (x86)\Intel\Intel(R) Management Engine Components\iCLS\;C:\Program Files\Intel\Intel(R) Management Engine Components\iCLS\;C:\Windows\system32;C:\Windows;C:\Windows\System32\Wbem;C:\Windows\System32\WindowsPowerShell\v1.0\;C:\Windows\System32\OpenSSH\;C:\Program Files (x86)\Intel\Intel(R) Management Engine Components\DAL;C:\Program Files\Intel\Intel(R) Management Engine Components\DAL;C:\Program Files (x86)\Intel\Intel(R) Management Engine Components\IPT;C:\Program Files\Intel\Intel(R) Management Engine Components\IPT;C:\Program Files (x86)\NVIDIA Corporation\PhysX\Common;C:\MinGW\bin;D:\MinGW\bin;C:\Program Files\dotnet\;C:\Program Files\NVIDIA Corporation\NVIDIA NvDLISR;D:\Putty\;C:\Users\MadaraExtreme\AppData\Local\Programs\Python\Python311\Scripts\;C:\Users\MadaraExtreme\AppData\Local\Programs\Python\Python311\;C:\Users\MadaraExtreme\AppData\Local\Programs\Python\Launcher\;C:\Users\MadaraExtreme\AppData\Local\Microsoft\WindowsApps;C:\MinGW\bin;C:\Users\MadaraExtreme\AppData\Local\Programs\Microsoft VS Code\bin;D:\MinGW\bin;C:\Users\MadaraExtreme\AppData\Local\GitHubDesktop\bin;C:\Program Files\Java\jre1.8.0_421\bin
JRE paths:	;C:\Program Files (x86)\Common Files\Intel\Shared Libraries\redist\intel64\compiler;C:\Program Files\Common Files\Oracle\Java\javapath;C:\Program Files (x86)\Common Files\Oracle\Java\java8path;C:\Program Files (x86)\Common Files\Oracle\Java\javapath;C:\Program Files (x86)\Intel\Intel(R) Management Engine Components\iCLS\;C:\Program Files\Intel\Intel(R) Management Engine Components\iCLS\;C:\Windows\system32;C:\Windows;C:\Windows\System32\Wbem;C:\Windows\System32\WindowsPowerShell\v1.0\;C:\Windows\System32\OpenSSH\;C:\Program Files (x86)\Intel\Intel(R) Management Engine Components\DAL;C:\Program Files\Intel\Intel(R) Management Engine Components\DAL;C:\Program Files (x86)\Intel\Intel(R) Management Engine Components\IPT;C:\Program Files\Intel\Intel(R) Management Engine Components\IPT;C:\Program Files (x86)\NVIDIA Corporation\PhysX\Common;C:\MinGW\bin;D:\MinGW\bin;C:\Program Files\dotnet\;C:\Program Files\NVIDIA Corporation\NVIDIA NvDLISR;D:\Putty\;C:\Users\MadaraExtreme\AppData\Local\Programs\Python\Python311\Scripts\;C:\Users\MadaraExtreme\AppData\Local\Programs\Python\Python311\;C:\Users\MadaraExtreme\AppData\Local\Programs\Python\Launcher\;C:\Users\MadaraExtreme\AppData\Local\Microsoft\WindowsApps;C:\MinGW\bin;C:\Users\MadaraExtreme\AppData\Local\Programs\Microsoft VS Code\bin;D:\MinGW\bin;C:\Users\MadaraExtreme\AppData\Local\GitHubDesktop\bin;C:\Program Files\Java\jre1.8.0_421\bin
Check launcher:	C:\Program Files (x86)\Common Files\Intel\Shared Libraries\redist\intel64\compiler\bin\javaw.exe (not found)
Check launcher:	C:\Program Files\Common Files\Oracle\Java\javapath\bin\javaw.exe (not found)
Check launcher:	C:\Program Files (x86)\Common Files\Oracle\Java\java8path\bin\javaw.exe (not found)
Check launcher:	C:\Program Files (x86)\Common Files\Oracle\Java\javapath\bin\javaw.exe (not found)
Check launcher:	C:\Program Files (x86)\Intel\Intel(R) Management Engine Components\iCLS\bin\javaw.exe (not found)
Check launcher:	C:\Program Files\Intel\Intel(R) Management Engine Components\iCLS\bin\javaw.exe (not found)
Check launcher:	C:\Windows\system32\bin\javaw.exe (not found)
Check launcher:	C:\Windows\bin\javaw.exe (not found)
Check launcher:	C:\Windows\System32\Wbem\bin\javaw.exe (not found)
Check launcher:	C:\Windows\System32\WindowsPowerShell\v1.0\bin\javaw.exe (not found)
Check launcher:	C:\Windows\System32\OpenSSH\bin\javaw.exe (not found)
Check launcher:	C:\Program Files (x86)\Intel\Intel(R) Management Engine Components\DAL\bin\javaw.exe (not found)
Check launcher:	C:\Program Files\Intel\Intel(R) Management Engine Components\DAL\bin\javaw.exe (not found)
Check launcher:	C:\Program Files (x86)\Intel\Intel(R) Management Engine Components\IPT\bin\javaw.exe (not found)
Check launcher:	C:\Program Files\Intel\Intel(R) Management Engine Components\IPT\bin\javaw.exe (not found)
Check launcher:	C:\Program Files (x86)\NVIDIA Corporation\PhysX\Common\bin\javaw.exe (not found)
Check launcher:	C:\MinGW\bin\javaw.exe (not found)
Check launcher:	D:\MinGW\bin\javaw.exe (not found)
Check launcher:	C:\Program Files\dotnet\bin\javaw.exe (not found)
Check launcher:	C:\Program Files\NVIDIA Corporation\NVIDIA NvDLISR\bin\javaw.exe (not found)
Check launcher:	D:\Putty\bin\javaw.exe (not found)
Check launcher:	C:\Users\MadaraExtreme\AppData\Local\Programs\Python\Python311\Scripts\bin\javaw.exe (not found)
Check launcher:	C:\Users\MadaraExtreme\AppData\Local\Programs\Python\Python311\bin\javaw.exe (not found)
Check launcher:	C:\Users\MadaraExtreme\AppData\Local\Programs\Python\Launcher\bin\javaw.exe (not found)
Check launcher:	C:\Users\MadaraExtreme\AppData\Local\Microsoft\WindowsApps\bin\javaw.exe (not found)
Check launcher:	C:\MinGW\bin\javaw.exe (not found)
Check launcher:	C:\Users\MadaraExtreme\AppData\Local\Programs\Microsoft VS Code\bin\javaw.exe (not found)
Check launcher:	D:\MinGW\bin\javaw.exe (not found)
Check launcher:	C:\Users\MadaraExtreme\AppData\Local\GitHubDesktop\bin\javaw.exe (not found)
Check launcher:	C:\Program Files\Java\jre1.8.0_421\bin\javaw.exe (OK)
Version string: 1.008.000_421 / 64-Bit (OK)
Launcher:	C:\Program Files\Java\jre1.8.0_421\bin\javaw.exe
Launcher args:	-jar "E:\Coisas essências para o Pc  (CSGO)\Todos os projetos\Projetos para meter GitHub\Projetos Java Netbeans\CalculatorProject.exe"
Args length:	134/32768 chars
Exit code:	0


Version:	3.50
CmdLine:	E:\Coisas essências para o Pc  (CSGO)\Todos os projetos\Projetos para meter GitHub\Projetos Java Netbeans\CalculatorProject.exe --l4j-debug
JNI:		No
WOW64:		Yes
Working dir:	E:\Coisas essências para o Pc  (CSGO)\Todos os projetos\Projetos para meter GitHub\Projetos Java Netbeans\.
Requires JDK:	No
Requires 64-Bit: No
Java min ver:	1.008.000
Java max ver:	
Substitute:	JAVA_HOME = 
Substitute:	PATH = C:\Program Files (x86)\Common Files\Intel\Shared Libraries\redist\intel64\compiler;C:\Program Files\Common Files\Oracle\Java\javapath;C:\Program Files (x86)\Common Files\Oracle\Java\java8path;C:\Program Files (x86)\Common Files\Oracle\Java\javapath;C:\Program Files (x86)\Intel\Intel(R) Management Engine Components\iCLS\;C:\Program Files\Intel\Intel(R) Management Engine Components\iCLS\;C:\Windows\system32;C:\Windows;C:\Windows\System32\Wbem;C:\Windows\System32\WindowsPowerShell\v1.0\;C:\Windows\System32\OpenSSH\;C:\Program Files (x86)\Intel\Intel(R) Management Engine Components\DAL;C:\Program Files\Intel\Intel(R) Management Engine Components\DAL;C:\Program Files (x86)\Intel\Intel(R) Management Engine Components\IPT;C:\Program Files\Intel\Intel(R) Management Engine Components\IPT;C:\Program Files (x86)\NVIDIA Corporation\PhysX\Common;C:\MinGW\bin;D:\MinGW\bin;C:\Program Files\dotnet\;C:\Program Files\NVIDIA Corporation\NVIDIA NvDLISR;D:\Putty\;C:\Users\MadaraExtreme\AppData\Local\Programs\Python\Python311\Scripts\;C:\Users\MadaraExtreme\AppData\Local\Programs\Python\Python311\;C:\Users\MadaraExtreme\AppData\Local\Programs\Python\Launcher\;C:\Users\MadaraExtreme\AppData\Local\Microsoft\WindowsApps;C:\MinGW\bin;C:\Users\MadaraExtreme\AppData\Local\Programs\Microsoft VS Code\bin;D:\MinGW\bin;C:\Users\MadaraExtreme\AppData\Local\GitHubDesktop\bin;C:\Program Files\Java\jre1.8.0_421\bin
JRE paths:	;C:\Program Files (x86)\Common Files\Intel\Shared Libraries\redist\intel64\compiler;C:\Program Files\Common Files\Oracle\Java\javapath;C:\Program Files (x86)\Common Files\Oracle\Java\java8path;C:\Program Files (x86)\Common Files\Oracle\Java\javapath;C:\Program Files (x86)\Intel\Intel(R) Management Engine Components\iCLS\;C:\Program Files\Intel\Intel(R) Management Engine Components\iCLS\;C:\Windows\system32;C:\Windows;C:\Windows\System32\Wbem;C:\Windows\System32\WindowsPowerShell\v1.0\;C:\Windows\System32\OpenSSH\;C:\Program Files (x86)\Intel\Intel(R) Management Engine Components\DAL;C:\Program Files\Intel\Intel(R) Management Engine Components\DAL;C:\Program Files (x86)\Intel\Intel(R) Management Engine Components\IPT;C:\Program Files\Intel\Intel(R) Management Engine Components\IPT;C:\Program Files (x86)\NVIDIA Corporation\PhysX\Common;C:\MinGW\bin;D:\MinGW\bin;C:\Program Files\dotnet\;C:\Program Files\NVIDIA Corporation\NVIDIA NvDLISR;D:\Putty\;C:\Users\MadaraExtreme\AppData\Local\Programs\Python\Python311\Scripts\;C:\Users\MadaraExtreme\AppData\Local\Programs\Python\Python311\;C:\Users\MadaraExtreme\AppData\Local\Programs\Python\Launcher\;C:\Users\MadaraExtreme\AppData\Local\Microsoft\WindowsApps;C:\MinGW\bin;C:\Users\MadaraExtreme\AppData\Local\Programs\Microsoft VS Code\bin;D:\MinGW\bin;C:\Users\MadaraExtreme\AppData\Local\GitHubDesktop\bin;C:\Program Files\Java\jre1.8.0_421\bin
Check launcher:	C:\Program Files (x86)\Common Files\Intel\Shared Libraries\redist\intel64\compiler\bin\javaw.exe (not found)
Check launcher:	C:\Program Files\Common Files\Oracle\Java\javapath\bin\javaw.exe (not found)
Check launcher:	C:\Program Files (x86)\Common Files\Oracle\Java\java8path\bin\javaw.exe (not found)
Check launcher:	C:\Program Files (x86)\Common Files\Oracle\Java\javapath\bin\javaw.exe (not found)
Check launcher:	C:\Program Files (x86)\Intel\Intel(R) Management Engine Components\iCLS\bin\javaw.exe (not found)
Check launcher:	C:\Program Files\Intel\Intel(R) Management Engine Components\iCLS\bin\javaw.exe (not found)
Check launcher:	C:\Windows\system32\bin\javaw.exe (not found)
Check launcher:	C:\Windows\bin\javaw.exe (not found)
Check launcher:	C:\Windows\System32\Wbem\bin\javaw.exe (not found)
Check launcher:	C:\Windows\System32\WindowsPowerShell\v1.0\bin\javaw.exe (not found)
Check launcher:	C:\Windows\System32\OpenSSH\bin\javaw.exe (not found)
Check launcher:	C:\Program Files (x86)\Intel\Intel(R) Management Engine Components\DAL\bin\javaw.exe (not found)
Check launcher:	C:\Program Files\Intel\Intel(R) Management Engine Components\DAL\bin\javaw.exe (not found)
Check launcher:	C:\Program Files (x86)\Intel\Intel(R) Management Engine Components\IPT\bin\javaw.exe (not found)
Check launcher:	C:\Program Files\Intel\Intel(R) Management Engine Components\IPT\bin\javaw.exe (not found)
Check launcher:	C:\Program Files (x86)\NVIDIA Corporation\PhysX\Common\bin\javaw.exe (not found)
Check launcher:	C:\MinGW\bin\javaw.exe (not found)
Check launcher:	D:\MinGW\bin\javaw.exe (not found)
Check launcher:	C:\Program Files\dotnet\bin\javaw.exe (not found)
Check launcher:	C:\Program Files\NVIDIA Corporation\NVIDIA NvDLISR\bin\javaw.exe (not found)
Check launcher:	D:\Putty\bin\javaw.exe (not found)
Check launcher:	C:\Users\MadaraExtreme\AppData\Local\Programs\Python\Python311\Scripts\bin\javaw.exe (not found)
Check launcher:	C:\Users\MadaraExtreme\AppData\Local\Programs\Python\Python311\bin\javaw.exe (not found)
Check launcher:	C:\Users\MadaraExtreme\AppData\Local\Programs\Python\Launcher\bin\javaw.exe (not found)
Check launcher:	C:\Users\MadaraExtreme\AppData\Local\Microsoft\WindowsApps\bin\javaw.exe (not found)
Check launcher:	C:\MinGW\bin\javaw.exe (not found)
Check launcher:	C:\Users\MadaraExtreme\AppData\Local\Programs\Microsoft VS Code\bin\javaw.exe (not found)
Check launcher:	D:\MinGW\bin\javaw.exe (not found)
Check launcher:	C:\Users\MadaraExtreme\AppData\Local\GitHubDesktop\bin\javaw.exe (not found)
Check launcher:	C:\Program Files\Java\jre1.8.0_421\bin\javaw.exe (OK)
Version string: 1.008.000_421 / 64-Bit (OK)
Launcher:	C:\Program Files\Java\jre1.8.0_421\bin\javaw.exe
Launcher args:	-jar "E:\Coisas essências para o Pc  (CSGO)\Todos os projetos\Projetos para meter GitHub\Projetos Java Netbeans\CalculatorProject.exe"
Args length:	134/32768 chars
Exit code:	0


Version:	3.50
CmdLine:	E:\Coisas essências para o Pc  (CSGO)\Todos os projetos\Projetos para meter GitHub\Projetos Java Netbeans\CalculatorProject.exe --l4j-debug
JNI:		No
WOW64:		Yes
Working dir:	E:\Coisas essências para o Pc  (CSGO)\Todos os projetos\Projetos para meter GitHub\Projetos Java Netbeans\.
Requires JDK:	No
Requires 64-Bit: No
Java min ver:	1.008.000
Java max ver:	
Substitute:	JAVA_HOME = 
Substitute:	PATH = C:\Program Files (x86)\Common Files\Intel\Shared Libraries\redist\intel64\compiler;C:\Program Files\Common Files\Oracle\Java\javapath;C:\Program Files (x86)\Common Files\Oracle\Java\java8path;C:\Program Files (x86)\Common Files\Oracle\Java\javapath;C:\Program Files (x86)\Intel\Intel(R) Management Engine Components\iCLS\;C:\Program Files\Intel\Intel(R) Management Engine Components\iCLS\;C:\Windows\system32;C:\Windows;C:\Windows\System32\Wbem;C:\Windows\System32\WindowsPowerShell\v1.0\;C:\Windows\System32\OpenSSH\;C:\Program Files (x86)\Intel\Intel(R) Management Engine Components\DAL;C:\Program Files\Intel\Intel(R) Management Engine Components\DAL;C:\Program Files (x86)\Intel\Intel(R) Management Engine Components\IPT;C:\Program Files\Intel\Intel(R) Management Engine Components\IPT;C:\Program Files (x86)\NVIDIA Corporation\PhysX\Common;C:\MinGW\bin;D:\MinGW\bin;C:\Program Files\dotnet\;C:\Program Files\NVIDIA Corporation\NVIDIA NvDLISR;D:\Putty\;C:\Users\MadaraExtreme\AppData\Local\Programs\Python\Python311\Scripts\;C:\Users\MadaraExtreme\AppData\Local\Programs\Python\Python311\;C:\Users\MadaraExtreme\AppData\Local\Programs\Python\Launcher\;C:\Users\MadaraExtreme\AppData\Local\Microsoft\WindowsApps;C:\MinGW\bin;C:\Users\MadaraExtreme\AppData\Local\Programs\Microsoft VS Code\bin;D:\MinGW\bin;C:\Users\MadaraExtreme\AppData\Local\GitHubDesktop\bin;C:\Program Files\Java\jre1.8.0_421\bin
JRE paths:	;C:\Program Files (x86)\Common Files\Intel\Shared Libraries\redist\intel64\compiler;C:\Program Files\Common Files\Oracle\Java\javapath;C:\Program Files (x86)\Common Files\Oracle\Java\java8path;C:\Program Files (x86)\Common Files\Oracle\Java\javapath;C:\Program Files (x86)\Intel\Intel(R) Management Engine Components\iCLS\;C:\Program Files\Intel\Intel(R) Management Engine Components\iCLS\;C:\Windows\system32;C:\Windows;C:\Windows\System32\Wbem;C:\Windows\System32\WindowsPowerShell\v1.0\;C:\Windows\System32\OpenSSH\;C:\Program Files (x86)\Intel\Intel(R) Management Engine Components\DAL;C:\Program Files\Intel\Intel(R) Management Engine Components\DAL;C:\Program Files (x86)\Intel\Intel(R) Management Engine Components\IPT;C:\Program Files\Intel\Intel(R) Management Engine Components\IPT;C:\Program Files (x86)\NVIDIA Corporation\PhysX\Common;C:\MinGW\bin;D:\MinGW\bin;C:\Program Files\dotnet\;C:\Program Files\NVIDIA Corporation\NVIDIA NvDLISR;D:\Putty\;C:\Users\MadaraExtreme\AppData\Local\Programs\Python\Python311\Scripts\;C:\Users\MadaraExtreme\AppData\Local\Programs\Python\Python311\;C:\Users\MadaraExtreme\AppData\Local\Programs\Python\Launcher\;C:\Users\MadaraExtreme\AppData\Local\Microsoft\WindowsApps;C:\MinGW\bin;C:\Users\MadaraExtreme\AppData\Local\Programs\Microsoft VS Code\bin;D:\MinGW\bin;C:\Users\MadaraExtreme\AppData\Local\GitHubDesktop\bin;C:\Program Files\Java\jre1.8.0_421\bin
Check launcher:	C:\Program Files (x86)\Common Files\Intel\Shared Libraries\redist\intel64\compiler\bin\javaw.exe (not found)
Check launcher:	C:\Program Files\Common Files\Oracle\Java\javapath\bin\javaw.exe (not found)
Check launcher:	C:\Program Files (x86)\Common Files\Oracle\Java\java8path\bin\javaw.exe (not found)
Check launcher:	C:\Program Files (x86)\Common Files\Oracle\Java\javapath\bin\javaw.exe (not found)
Check launcher:	C:\Program Files (x86)\Intel\Intel(R) Management Engine Components\iCLS\bin\javaw.exe (not found)
Check launcher:	C:\Program Files\Intel\Intel(R) Management Engine Components\iCLS\bin\javaw.exe (not found)
Check launcher:	C:\Windows\system32\bin\javaw.exe (not found)
Check launcher:	C:\Windows\bin\javaw.exe (not found)
Check launcher:	C:\Windows\System32\Wbem\bin\javaw.exe (not found)
Check launcher:	C:\Windows\System32\WindowsPowerShell\v1.0\bin\javaw.exe (not found)
Check launcher:	C:\Windows\System32\OpenSSH\bin\javaw.exe (not found)
Check launcher:	C:\Program Files (x86)\Intel\Intel(R) Management Engine Components\DAL\bin\javaw.exe (not found)
Check launcher:	C:\Program Files\Intel\Intel(R) Management Engine Components\DAL\bin\javaw.exe (not found)
Check launcher:	C:\Program Files (x86)\Intel\Intel(R) Management Engine Components\IPT\bin\javaw.exe (not found)
Check launcher:	C:\Program Files\Intel\Intel(R) Management Engine Components\IPT\bin\javaw.exe (not found)
Check launcher:	C:\Program Files (x86)\NVIDIA Corporation\PhysX\Common\bin\javaw.exe (not found)
Check launcher:	C:\MinGW\bin\javaw.exe (not found)
Check launcher:	D:\MinGW\bin\javaw.exe (not found)
Check launcher:	C:\Program Files\dotnet\bin\javaw.exe (not found)
Check launcher:	C:\Program Files\NVIDIA Corporation\NVIDIA NvDLISR\bin\javaw.exe (not found)
Check launcher:	D:\Putty\bin\javaw.exe (not found)
Check launcher:	C:\Users\MadaraExtreme\AppData\Local\Programs\Python\Python311\Scripts\bin\javaw.exe (not found)
Check launcher:	C:\Users\MadaraExtreme\AppData\Local\Programs\Python\Python311\bin\javaw.exe (not found)
Check launcher:	C:\Users\MadaraExtreme\AppData\Local\Programs\Python\Launcher\bin\javaw.exe (not found)
Check launcher:	C:\Users\MadaraExtreme\AppData\Local\Microsoft\WindowsApps\bin\javaw.exe (not found)
Check launcher:	C:\MinGW\bin\javaw.exe (not found)
Check launcher:	C:\Users\MadaraExtreme\AppData\Local\Programs\Microsoft VS Code\bin\javaw.exe (not found)
Check launcher:	D:\MinGW\bin\javaw.exe (not found)
Check launcher:	C:\Users\MadaraExtreme\AppData\Local\GitHubDesktop\bin\javaw.exe (not found)
Check launcher:	C:\Program Files\Java\jre1.8.0_421\bin\javaw.exe (OK)
Version string: 1.008.000_421 / 64-Bit (OK)
Launcher:	C:\Program Files\Java\jre1.8.0_421\bin\javaw.exe
Launcher args:	-jar "E:\Coisas essências para o Pc  (CSGO)\Todos os projetos\Projetos para meter GitHub\Projetos Java Netbeans\CalculatorProject.exe"
Args length:	134/32768 chars
Exit code:	0


Version:	3.50
CmdLine:	E:\Coisas essências para o Pc  (CSGO)\Todos os projetos\Projetos para meter GitHub\Projetos Java Netbeans\CalculatorProject.exe --l4j-debug
JNI:		No
WOW64:		Yes
Working dir:	E:\Coisas essências para o Pc  (CSGO)\Todos os projetos\Projetos para meter GitHub\Projetos Java Netbeans\.
Requires JDK:	No
Requires 64-Bit: No
Java min ver:	1.008.000
Java max ver:	
Substitute:	JAVA_HOME = 
Substitute:	PATH = C:\Program Files (x86)\Common Files\Intel\Shared Libraries\redist\intel64\compiler;C:\Program Files\Common Files\Oracle\Java\javapath;C:\Program Files (x86)\Common Files\Oracle\Java\java8path;C:\Program Files (x86)\Common Files\Oracle\Java\javapath;C:\Program Files (x86)\Intel\Intel(R) Management Engine Components\iCLS\;C:\Program Files\Intel\Intel(R) Management Engine Components\iCLS\;C:\Windows\system32;C:\Windows;C:\Windows\System32\Wbem;C:\Windows\System32\WindowsPowerShell\v1.0\;C:\Windows\System32\OpenSSH\;C:\Program Files (x86)\Intel\Intel(R) Management Engine Components\DAL;C:\Program Files\Intel\Intel(R) Management Engine Components\DAL;C:\Program Files (x86)\Intel\Intel(R) Management Engine Components\IPT;C:\Program Files\Intel\Intel(R) Management Engine Components\IPT;C:\Program Files (x86)\NVIDIA Corporation\PhysX\Common;C:\MinGW\bin;D:\MinGW\bin;C:\Program Files\dotnet\;C:\Program Files\NVIDIA Corporation\NVIDIA NvDLISR;D:\Putty\;C:\Users\MadaraExtreme\AppData\Local\Programs\Python\Python311\Scripts\;C:\Users\MadaraExtreme\AppData\Local\Programs\Python\Python311\;C:\Users\MadaraExtreme\AppData\Local\Programs\Python\Launcher\;C:\Users\MadaraExtreme\AppData\Local\Microsoft\WindowsApps;C:\MinGW\bin;C:\Users\MadaraExtreme\AppData\Local\Programs\Microsoft VS Code\bin;D:\MinGW\bin;C:\Users\MadaraExtreme\AppData\Local\GitHubDesktop\bin;C:\Program Files\Java\jre1.8.0_421\bin
JRE paths:	;C:\Program Files (x86)\Common Files\Intel\Shared Libraries\redist\intel64\compiler;C:\Program Files\Common Files\Oracle\Java\javapath;C:\Program Files (x86)\Common Files\Oracle\Java\java8path;C:\Program Files (x86)\Common Files\Oracle\Java\javapath;C:\Program Files (x86)\Intel\Intel(R) Management Engine Components\iCLS\;C:\Program Files\Intel\Intel(R) Management Engine Components\iCLS\;C:\Windows\system32;C:\Windows;C:\Windows\System32\Wbem;C:\Windows\System32\WindowsPowerShell\v1.0\;C:\Windows\System32\OpenSSH\;C:\Program Files (x86)\Intel\Intel(R) Management Engine Components\DAL;C:\Program Files\Intel\Intel(R) Management Engine Components\DAL;C:\Program Files (x86)\Intel\Intel(R) Management Engine Components\IPT;C:\Program Files\Intel\Intel(R) Management Engine Components\IPT;C:\Program Files (x86)\NVIDIA Corporation\PhysX\Common;C:\MinGW\bin;D:\MinGW\bin;C:\Program Files\dotnet\;C:\Program Files\NVIDIA Corporation\NVIDIA NvDLISR;D:\Putty\;C:\Users\MadaraExtreme\AppData\Local\Programs\Python\Python311\Scripts\;C:\Users\MadaraExtreme\AppData\Local\Programs\Python\Python311\;C:\Users\MadaraExtreme\AppData\Local\Programs\Python\Launcher\;C:\Users\MadaraExtreme\AppData\Local\Microsoft\WindowsApps;C:\MinGW\bin;C:\Users\MadaraExtreme\AppData\Local\Programs\Microsoft VS Code\bin;D:\MinGW\bin;C:\Users\MadaraExtreme\AppData\Local\GitHubDesktop\bin;C:\Program Files\Java\jre1.8.0_421\bin
Check launcher:	C:\Program Files (x86)\Common Files\Intel\Shared Libraries\redist\intel64\compiler\bin\javaw.exe (not found)
Check launcher:	C:\Program Files\Common Files\Oracle\Java\javapath\bin\javaw.exe (not found)
Check launcher:	C:\Program Files (x86)\Common Files\Oracle\Java\java8path\bin\javaw.exe (not found)
Check launcher:	C:\Program Files (x86)\Common Files\Oracle\Java\javapath\bin\javaw.exe (not found)
Check launcher:	C:\Program Files (x86)\Intel\Intel(R) Management Engine Components\iCLS\bin\javaw.exe (not found)
Check launcher:	C:\Program Files\Intel\Intel(R) Management Engine Components\iCLS\bin\javaw.exe (not found)
Check launcher:	C:\Windows\system32\bin\javaw.exe (not found)
Check launcher:	C:\Windows\bin\javaw.exe (not found)
Check launcher:	C:\Windows\System32\Wbem\bin\javaw.exe (not found)
Check launcher:	C:\Windows\System32\WindowsPowerShell\v1.0\bin\javaw.exe (not found)
Check launcher:	C:\Windows\System32\OpenSSH\bin\javaw.exe (not found)
Check launcher:	C:\Program Files (x86)\Intel\Intel(R) Management Engine Components\DAL\bin\javaw.exe (not found)
Check launcher:	C:\Program Files\Intel\Intel(R) Management Engine Components\DAL\bin\javaw.exe (not found)
Check launcher:	C:\Program Files (x86)\Intel\Intel(R) Management Engine Components\IPT\bin\javaw.exe (not found)
Check launcher:	C:\Program Files\Intel\Intel(R) Management Engine Components\IPT\bin\javaw.exe (not found)
Check launcher:	C:\Program Files (x86)\NVIDIA Corporation\PhysX\Common\bin\javaw.exe (not found)
Check launcher:	C:\MinGW\bin\javaw.exe (not found)
Check launcher:	D:\MinGW\bin\javaw.exe (not found)
Check launcher:	C:\Program Files\dotnet\bin\javaw.exe (not found)
Check launcher:	C:\Program Files\NVIDIA Corporation\NVIDIA NvDLISR\bin\javaw.exe (not found)
Check launcher:	D:\Putty\bin\javaw.exe (not found)
Check launcher:	C:\Users\MadaraExtreme\AppData\Local\Programs\Python\Python311\Scripts\bin\javaw.exe (not found)
Check launcher:	C:\Users\MadaraExtreme\AppData\Local\Programs\Python\Python311\bin\javaw.exe (not found)
Check launcher:	C:\Users\MadaraExtreme\AppData\Local\Programs\Python\Launcher\bin\javaw.exe (not found)
Check launcher:	C:\Users\MadaraExtreme\AppData\Local\Microsoft\WindowsApps\bin\javaw.exe (not found)
Check launcher:	C:\MinGW\bin\javaw.exe (not found)
Check launcher:	C:\Users\MadaraExtreme\AppData\Local\Programs\Microsoft VS Code\bin\javaw.exe (not found)
Check launcher:	D:\MinGW\bin\javaw.exe (not found)
Check launcher:	C:\Users\MadaraExtreme\AppData\Local\GitHubDesktop\bin\javaw.exe (not found)
Check launcher:	C:\Program Files\Java\jre1.8.0_421\bin\javaw.exe (OK)
Version string: 1.008.000_421 / 64-Bit (OK)
Launcher:	C:\Program Files\Java\jre1.8.0_421\bin\javaw.exe
Launcher args:	-jar "E:\Coisas essências para o Pc  (CSGO)\Todos os projetos\Projetos para meter GitHub\Projetos Java Netbeans\CalculatorProject.exe"
Args length:	134/32768 chars
Exit code:	0


Version:	3.50
CmdLine:	E:\Coisas essências para o Pc  (CSGO)\Todos os projetos\Projetos para meter GitHub\Projetos Java Netbeans\CalculatorProject.exe --l4j-debug
JNI:		No
WOW64:		Yes
Working dir:	E:\Coisas essências para o Pc  (CSGO)\Todos os projetos\Projetos para meter GitHub\Projetos Java Netbeans\.
Requires JDK:	No
Requires 64-Bit: No
Java min ver:	1.008.000
Java max ver:	
Substitute:	JAVA_HOME = 
Substitute:	PATH = C:\Program Files (x86)\Common Files\Intel\Shared Libraries\redist\intel64\compiler;C:\Program Files\Common Files\Oracle\Java\javapath;C:\Program Files (x86)\Common Files\Oracle\Java\java8path;C:\Program Files (x86)\Common Files\Oracle\Java\javapath;C:\Program Files (x86)\Intel\Intel(R) Management Engine Components\iCLS\;C:\Program Files\Intel\Intel(R) Management Engine Components\iCLS\;C:\Windows\system32;C:\Windows;C:\Windows\System32\Wbem;C:\Windows\System32\WindowsPowerShell\v1.0\;C:\Windows\System32\OpenSSH\;C:\Program Files (x86)\Intel\Intel(R) Management Engine Components\DAL;C:\Program Files\Intel\Intel(R) Management Engine Components\DAL;C:\Program Files (x86)\Intel\Intel(R) Management Engine Components\IPT;C:\Program Files\Intel\Intel(R) Management Engine Components\IPT;C:\Program Files (x86)\NVIDIA Corporation\PhysX\Common;C:\MinGW\bin;D:\MinGW\bin;C:\Program Files\dotnet\;C:\Program Files\NVIDIA Corporation\NVIDIA NvDLISR;D:\Putty\;C:\Users\MadaraExtreme\AppData\Local\Programs\Python\Python311\Scripts\;C:\Users\MadaraExtreme\AppData\Local\Programs\Python\Python311\;C:\Users\MadaraExtreme\AppData\Local\Programs\Python\Launcher\;C:\Users\MadaraExtreme\AppData\Local\Microsoft\WindowsApps;C:\Users\MadaraExtreme\AppData\Local\Programs\Microsoft VS Code\bin;C:\Users\MadaraExtreme\AppData\Local\GitHubDesktop\bin;C:\Program Files\Java\jre1.8.0_421\bin
JRE paths:	;C:\Program Files (x86)\Common Files\Intel\Shared Libraries\redist\intel64\compiler;C:\Program Files\Common Files\Oracle\Java\javapath;C:\Program Files (x86)\Common Files\Oracle\Java\java8path;C:\Program Files (x86)\Common Files\Oracle\Java\javapath;C:\Program Files (x86)\Intel\Intel(R) Management Engine Components\iCLS\;C:\Program Files\Intel\Intel(R) Management Engine Components\iCLS\;C:\Windows\system32;C:\Windows;C:\Windows\System32\Wbem;C:\Windows\System32\WindowsPowerShell\v1.0\;C:\Windows\System32\OpenSSH\;C:\Program Files (x86)\Intel\Intel(R) Management Engine Components\DAL;C:\Program Files\Intel\Intel(R) Management Engine Components\DAL;C:\Program Files (x86)\Intel\Intel(R) Management Engine Components\IPT;C:\Program Files\Intel\Intel(R) Management Engine Components\IPT;C:\Program Files (x86)\NVIDIA Corporation\PhysX\Common;C:\MinGW\bin;D:\MinGW\bin;C:\Program Files\dotnet\;C:\Program Files\NVIDIA Corporation\NVIDIA NvDLISR;D:\Putty\;C:\Users\MadaraExtreme\AppData\Local\Programs\Python\Python311\Scripts\;C:\Users\MadaraExtreme\AppData\Local\Programs\Python\Python311\;C:\Users\MadaraExtreme\AppData\Local\Programs\Python\Launcher\;C:\Users\MadaraExtreme\AppData\Local\Microsoft\WindowsApps;C:\Users\MadaraExtreme\AppData\Local\Programs\Microsoft VS Code\bin;C:\Users\MadaraExtreme\AppData\Local\GitHubDesktop\bin;C:\Program Files\Java\jre1.8.0_421\bin
Check launcher:	C:\Program Files (x86)\Common Files\Intel\Shared Libraries\redist\intel64\compiler\bin\javaw.exe (not found)
Check launcher:	C:\Program Files\Common Files\Oracle\Java\javapath\bin\javaw.exe (not found)
Check launcher:	C:\Program Files (x86)\Common Files\Oracle\Java\java8path\bin\javaw.exe (not found)
Check launcher:	C:\Program Files (x86)\Common Files\Oracle\Java\javapath\bin\javaw.exe (not found)
Check launcher:	C:\Program Files (x86)\Intel\Intel(R) Management Engine Components\iCLS\bin\javaw.exe (not found)
Check launcher:	C:\Program Files\Intel\Intel(R) Management Engine Components\iCLS\bin\javaw.exe (not found)
Check launcher:	C:\Windows\system32\bin\javaw.exe (not found)
Check launcher:	C:\Windows\bin\javaw.exe (not found)
Check launcher:	C:\Windows\System32\Wbem\bin\javaw.exe (not found)
Check launcher:	C:\Windows\System32\WindowsPowerShell\v1.0\bin\javaw.exe (not found)
Check launcher:	C:\Windows\System32\OpenSSH\bin\javaw.exe (not found)
Check launcher:	C:\Program Files (x86)\Intel\Intel(R) Management Engine Components\DAL\bin\javaw.exe (not found)
Check launcher:	C:\Program Files\Intel\Intel(R) Management Engine Components\DAL\bin\javaw.exe (not found)
Check launcher:	C:\Program Files (x86)\Intel\Intel(R) Management Engine Components\IPT\bin\javaw.exe (not found)
Check launcher:	C:\Program Files\Intel\Intel(R) Management Engine Components\IPT\bin\javaw.exe (not found)
Check launcher:	C:\Program Files (x86)\NVIDIA Corporation\PhysX\Common\bin\javaw.exe (not found)
Check launcher:	C:\MinGW\bin\javaw.exe (not found)
Check launcher:	D:\MinGW\bin\javaw.exe (not found)
Check launcher:	C:\Program Files\dotnet\bin\javaw.exe (not found)
Check launcher:	C:\Program Files\NVIDIA Corporation\NVIDIA NvDLISR\bin\javaw.exe (not found)
Check launcher:	D:\Putty\bin\javaw.exe (not found)
Check launcher:	C:\Users\MadaraExtreme\AppData\Local\Programs\Python\Python311\Scripts\bin\javaw.exe (not found)
Check launcher:	C:\Users\MadaraExtreme\AppData\Local\Programs\Python\Python311\bin\javaw.exe (not found)
Check launcher:	C:\Users\MadaraExtreme\AppData\Local\Programs\Python\Launcher\bin\javaw.exe (not found)
Check launcher:	C:\Users\MadaraExtreme\AppData\Local\Microsoft\WindowsApps\bin\javaw.exe (not found)
Check launcher:	C:\Users\MadaraExtreme\AppData\Local\Programs\Microsoft VS Code\bin\javaw.exe (not found)
Check launcher:	C:\Users\MadaraExtreme\AppData\Local\GitHubDesktop\bin\javaw.exe (not found)
Check launcher:	C:\Program Files\Java\jre1.8.0_421\bin\javaw.exe (OK)
Version string: 1.008.000_421 / 64-Bit (OK)
Launcher:	C:\Program Files\Java\jre1.8.0_421\bin\javaw.exe
Launcher args:	-jar "E:\Coisas essências para o Pc  (CSGO)\Todos os projetos\Projetos para meter GitHub\Projetos Java Netbeans\CalculatorProject.exe"
Args length:	134/32768 chars
Exit code:	0


Version:	3.50
CmdLine:	E:\Coisas essências para o Pc  (CSGO)\Todos os projetos\Projetos para meter GitHub\Projetos Java Netbeans\CalculatorProject.exe --l4j-debug
JNI:		No
WOW64:		Yes
Working dir:	E:\Coisas essências para o Pc  (CSGO)\Todos os projetos\Projetos para meter GitHub\Projetos Java Netbeans\.
Requires JDK:	No
Requires 64-Bit: No
Java min ver:	1.008.000
Java max ver:	
Substitute:	JAVA_HOME = 
Substitute:	PATH = C:\Program Files (x86)\Common Files\Intel\Shared Libraries\redist\intel64\compiler;C:\Program Files\Common Files\Oracle\Java\javapath;C:\Program Files (x86)\Common Files\Oracle\Java\java8path;C:\Program Files (x86)\Common Files\Oracle\Java\javapath;C:\Program Files (x86)\Intel\Intel(R) Management Engine Components\iCLS\;C:\Program Files\Intel\Intel(R) Management Engine Components\iCLS\;C:\Windows\system32;C:\Windows;C:\Windows\System32\Wbem;C:\Windows\System32\WindowsPowerShell\v1.0\;C:\Windows\System32\OpenSSH\;C:\Program Files (x86)\Intel\Intel(R) Management Engine Components\DAL;C:\Program Files\Intel\Intel(R) Management Engine Components\DAL;C:\Program Files (x86)\Intel\Intel(R) Management Engine Components\IPT;C:\Program Files\Intel\Intel(R) Management Engine Components\IPT;C:\Program Files (x86)\NVIDIA Corporation\PhysX\Common;C:\MinGW\bin;D:\MinGW\bin;C:\Program Files\dotnet\;C:\Program Files\NVIDIA Corporation\NVIDIA NvDLISR;D:\Putty\;C:\Users\MadaraExtreme\AppData\Local\Programs\Python\Python311\Scripts\;C:\Users\MadaraExtreme\AppData\Local\Programs\Python\Python311\;C:\Users\MadaraExtreme\AppData\Local\Programs\Python\Launcher\;C:\Users\MadaraExtreme\AppData\Local\Microsoft\WindowsApps;C:\Users\MadaraExtreme\AppData\Local\Programs\Microsoft VS Code\bin;C:\Users\MadaraExtreme\AppData\Local\GitHubDesktop\bin;C:\Program Files\Java\jre1.8.0_421\bin
JRE paths:	;C:\Program Files (x86)\Common Files\Intel\Shared Libraries\redist\intel64\compiler;C:\Program Files\Common Files\Oracle\Java\javapath;C:\Program Files (x86)\Common Files\Oracle\Java\java8path;C:\Program Files (x86)\Common Files\Oracle\Java\javapath;C:\Program Files (x86)\Intel\Intel(R) Management Engine Components\iCLS\;C:\Program Files\Intel\Intel(R) Management Engine Components\iCLS\;C:\Windows\system32;C:\Windows;C:\Windows\System32\Wbem;C:\Windows\System32\WindowsPowerShell\v1.0\;C:\Windows\System32\OpenSSH\;C:\Program Files (x86)\Intel\Intel(R) Management Engine Components\DAL;C:\Program Files\Intel\Intel(R) Management Engine Components\DAL;C:\Program Files (x86)\Intel\Intel(R) Management Engine Components\IPT;C:\Program Files\Intel\Intel(R) Management Engine Components\IPT;C:\Program Files (x86)\NVIDIA Corporation\PhysX\Common;C:\MinGW\bin;D:\MinGW\bin;C:\Program Files\dotnet\;C:\Program Files\NVIDIA Corporation\NVIDIA NvDLISR;D:\Putty\;C:\Users\MadaraExtreme\AppData\Local\Programs\Python\Python311\Scripts\;C:\Users\MadaraExtreme\AppData\Local\Programs\Python\Python311\;C:\Users\MadaraExtreme\AppData\Local\Programs\Python\Launcher\;C:\Users\MadaraExtreme\AppData\Local\Microsoft\WindowsApps;C:\Users\MadaraExtreme\AppData\Local\Programs\Microsoft VS Code\bin;C:\Users\MadaraExtreme\AppData\Local\GitHubDesktop\bin;C:\Program Files\Java\jre1.8.0_421\bin
Check launcher:	C:\Program Files (x86)\Common Files\Intel\Shared Libraries\redist\intel64\compiler\bin\javaw.exe (not found)
Check launcher:	C:\Program Files\Common Files\Oracle\Java\javapath\bin\javaw.exe (not found)
Check launcher:	C:\Program Files (x86)\Common Files\Oracle\Java\java8path\bin\javaw.exe (not found)
Check launcher:	C:\Program Files (x86)\Common Files\Oracle\Java\javapath\bin\javaw.exe (not found)
Check launcher:	C:\Program Files (x86)\Intel\Intel(R) Management Engine Components\iCLS\bin\javaw.exe (not found)
Check launcher:	C:\Program Files\Intel\Intel(R) Management Engine Components\iCLS\bin\javaw.exe (not found)
Check launcher:	C:\Windows\system32\bin\javaw.exe (not found)
Check launcher:	C:\Windows\bin\javaw.exe (not found)
Check launcher:	C:\Windows\System32\Wbem\bin\javaw.exe (not found)
Check launcher:	C:\Windows\System32\WindowsPowerShell\v1.0\bin\javaw.exe (not found)
Check launcher:	C:\Windows\System32\OpenSSH\bin\javaw.exe (not found)
Check launcher:	C:\Program Files (x86)\Intel\Intel(R) Management Engine Components\DAL\bin\javaw.exe (not found)
Check launcher:	C:\Program Files\Intel\Intel(R) Management Engine Components\DAL\bin\javaw.exe (not found)
Check launcher:	C:\Program Files (x86)\Intel\Intel(R) Management Engine Components\IPT\bin\javaw.exe (not found)
Check launcher:	C:\Program Files\Intel\Intel(R) Management Engine Components\IPT\bin\javaw.exe (not found)
Check launcher:	C:\Program Files (x86)\NVIDIA Corporation\PhysX\Common\bin\javaw.exe (not found)
Check launcher:	C:\MinGW\bin\javaw.exe (not found)
Check launcher:	D:\MinGW\bin\javaw.exe (not found)
Check launcher:	C:\Program Files\dotnet\bin\javaw.exe (not found)
Check launcher:	C:\Program Files\NVIDIA Corporation\NVIDIA NvDLISR\bin\javaw.exe (not found)
Check launcher:	D:\Putty\bin\javaw.exe (not found)
Check launcher:	C:\Users\MadaraExtreme\AppData\Local\Programs\Python\Python311\Scripts\bin\javaw.exe (not found)
Check launcher:	C:\Users\MadaraExtreme\AppData\Local\Programs\Python\Python311\bin\javaw.exe (not found)
Check launcher:	C:\Users\MadaraExtreme\AppData\Local\Programs\Python\Launcher\bin\javaw.exe (not found)
Check launcher:	C:\Users\MadaraExtreme\AppData\Local\Microsoft\WindowsApps\bin\javaw.exe (not found)
Check launcher:	C:\Users\MadaraExtreme\AppData\Local\Programs\Microsoft VS Code\bin\javaw.exe (not found)
Check launcher:	C:\Users\MadaraExtreme\AppData\Local\GitHubDesktop\bin\javaw.exe (not found)
Check launcher:	C:\Program Files\Java\jre1.8.0_421\bin\javaw.exe (OK)
Version string: 1.008.000_421 / 64-Bit (OK)
Launcher:	C:\Program Files\Java\jre1.8.0_421\bin\javaw.exe
Launcher args:	-jar "E:\Coisas essências para o Pc  (CSGO)\Todos os projetos\Projetos para meter GitHub\Projetos Java Netbeans\CalculatorProject.exe"
Args length:	134/32768 chars
Exit code:	0


Version:	3.50
CmdLine:	E:\Coisas essências para o Pc  (CSGO)\Todos os projetos\Projetos para meter GitHub\Projetos Java Netbeans\CalculatorProject.exe --l4j-debug
JNI:		No
WOW64:		Yes
Working dir:	E:\Coisas essências para o Pc  (CSGO)\Todos os projetos\Projetos para meter GitHub\Projetos Java Netbeans\.
Requires JDK:	Yes
Requires 64-Bit: No
Java min ver:	1.008.000
Java max ver:	
Substitute:	JAVA_HOME = 
Substitute:	PATH = C:\Program Files (x86)\Common Files\Intel\Shared Libraries\redist\intel64\compiler;C:\Program Files\Common Files\Oracle\Java\javapath;C:\Program Files (x86)\Common Files\Oracle\Java\java8path;C:\Program Files (x86)\Common Files\Oracle\Java\javapath;C:\Program Files (x86)\Intel\Intel(R) Management Engine Components\iCLS\;C:\Program Files\Intel\Intel(R) Management Engine Components\iCLS\;C:\Windows\system32;C:\Windows;C:\Windows\System32\Wbem;C:\Windows\System32\WindowsPowerShell\v1.0\;C:\Windows\System32\OpenSSH\;C:\Program Files (x86)\Intel\Intel(R) Management Engine Components\DAL;C:\Program Files\Intel\Intel(R) Management Engine Components\DAL;C:\Program Files (x86)\Intel\Intel(R) Management Engine Components\IPT;C:\Program Files\Intel\Intel(R) Management Engine Components\IPT;C:\Program Files (x86)\NVIDIA Corporation\PhysX\Common;C:\MinGW\bin;D:\MinGW\bin;C:\Program Files\dotnet\;C:\Program Files\NVIDIA Corporation\NVIDIA NvDLISR;D:\Putty\;C:\Users\MadaraExtreme\AppData\Local\Programs\Python\Python311\Scripts\;C:\Users\MadaraExtreme\AppData\Local\Programs\Python\Python311\;C:\Users\MadaraExtreme\AppData\Local\Programs\Python\Launcher\;C:\Users\MadaraExtreme\AppData\Local\Microsoft\WindowsApps;C:\Users\MadaraExtreme\AppData\Local\Programs\Microsoft VS Code\bin;C:\Users\MadaraExtreme\AppData\Local\GitHubDesktop\bin;C:\Program Files\Java\jre1.8.0_421\bin
JRE paths:	;C:\Program Files (x86)\Common Files\Intel\Shared Libraries\redist\intel64\compiler;C:\Program Files\Common Files\Oracle\Java\javapath;C:\Program Files (x86)\Common Files\Oracle\Java\java8path;C:\Program Files (x86)\Common Files\Oracle\Java\javapath;C:\Program Files (x86)\Intel\Intel(R) Management Engine Components\iCLS\;C:\Program Files\Intel\Intel(R) Management Engine Components\iCLS\;C:\Windows\system32;C:\Windows;C:\Windows\System32\Wbem;C:\Windows\System32\WindowsPowerShell\v1.0\;C:\Windows\System32\OpenSSH\;C:\Program Files (x86)\Intel\Intel(R) Management Engine Components\DAL;C:\Program Files\Intel\Intel(R) Management Engine Components\DAL;C:\Program Files (x86)\Intel\Intel(R) Management Engine Components\IPT;C:\Program Files\Intel\Intel(R) Management Engine Components\IPT;C:\Program Files (x86)\NVIDIA Corporation\PhysX\Common;C:\MinGW\bin;D:\MinGW\bin;C:\Program Files\dotnet\;C:\Program Files\NVIDIA Corporation\NVIDIA NvDLISR;D:\Putty\;C:\Users\MadaraExtreme\AppData\Local\Programs\Python\Python311\Scripts\;C:\Users\MadaraExtreme\AppData\Local\Programs\Python\Python311\;C:\Users\MadaraExtreme\AppData\Local\Programs\Python\Launcher\;C:\Users\MadaraExtreme\AppData\Local\Microsoft\WindowsApps;C:\Users\MadaraExtreme\AppData\Local\Programs\Microsoft VS Code\bin;C:\Users\MadaraExtreme\AppData\Local\GitHubDesktop\bin;C:\Program Files\Java\jre1.8.0_421\bin
Check launcher:	C:\Program Files (x86)\Common Files\Intel\Shared Libraries\redist\intel64\compiler\bin\javaw.exe (not found)
Check launcher:	C:\Program Files\Common Files\Oracle\Java\javapath\bin\javaw.exe (not found)
Check launcher:	C:\Program Files (x86)\Common Files\Oracle\Java\java8path\bin\javaw.exe (not found)
Check launcher:	C:\Program Files (x86)\Common Files\Oracle\Java\javapath\bin\javaw.exe (not found)
Check launcher:	C:\Program Files (x86)\Intel\Intel(R) Management Engine Components\iCLS\bin\javaw.exe (not found)
Check launcher:	C:\Program Files\Intel\Intel(R) Management Engine Components\iCLS\bin\javaw.exe (not found)
Check launcher:	C:\Windows\system32\bin\javaw.exe (not found)
Check launcher:	C:\Windows\bin\javaw.exe (not found)
Check launcher:	C:\Windows\System32\Wbem\bin\javaw.exe (not found)
Check launcher:	C:\Windows\System32\WindowsPowerShell\v1.0\bin\javaw.exe (not found)
Check launcher:	C:\Windows\System32\OpenSSH\bin\javaw.exe (not found)
Check launcher:	C:\Program Files (x86)\Intel\Intel(R) Management Engine Components\DAL\bin\javaw.exe (not found)
Check launcher:	C:\Program Files\Intel\Intel(R) Management Engine Components\DAL\bin\javaw.exe (not found)
Check launcher:	C:\Program Files (x86)\Intel\Intel(R) Management Engine Components\IPT\bin\javaw.exe (not found)
Check launcher:	C:\Program Files\Intel\Intel(R) Management Engine Components\IPT\bin\javaw.exe (not found)
Check launcher:	C:\Program Files (x86)\NVIDIA Corporation\PhysX\Common\bin\javaw.exe (not found)
Check launcher:	C:\MinGW\bin\javaw.exe (not found)
Check launcher:	D:\MinGW\bin\javaw.exe (not found)
Check launcher:	C:\Program Files\dotnet\bin\javaw.exe (not found)
Check launcher:	C:\Program Files\NVIDIA Corporation\NVIDIA NvDLISR\bin\javaw.exe (not found)
Check launcher:	D:\Putty\bin\javaw.exe (not found)
Check launcher:	C:\Users\MadaraExtreme\AppData\Local\Programs\Python\Python311\Scripts\bin\javaw.exe (not found)
Check launcher:	C:\Users\MadaraExtreme\AppData\Local\Programs\Python\Python311\bin\javaw.exe (not found)
Check launcher:	C:\Users\MadaraExtreme\AppData\Local\Programs\Python\Launcher\bin\javaw.exe (not found)
Check launcher:	C:\Users\MadaraExtreme\AppData\Local\Microsoft\WindowsApps\bin\javaw.exe (not found)
Check launcher:	C:\Users\MadaraExtreme\AppData\Local\Programs\Microsoft VS Code\bin\javaw.exe (not found)
Check launcher:	C:\Users\MadaraExtreme\AppData\Local\GitHubDesktop\bin\javaw.exe (not found)
Check launcher:	C:\Program Files\Java\jre1.8.0_421\bin\javaw.exe (OK)
Check javac:	C:\Program Files\Java\jre1.8.0_421\bin\javac.exe (not found)
64-bit search:	SOFTWARE\JavaSoft\Java Development Kit...
32-bit search:	SOFTWARE\JavaSoft\Java Development Kit...
64-bit search:	SOFTWARE\JavaSoft\JDK...
Check:		SOFTWARE\JavaSoft\JDK\17.0.12
Version string: 1.017.000_012 / 64-Bit (OK)
Check launcher:	C:\Program Files\Java\jdk-17\bin\javaw.exe (OK)
Check javac:	C:\Program Files\Java\jdk-17\bin\javac.exe (OK)
Match:		1.017.000_012
Runtime used:	1.017.000_012 (64-bit)
Launcher:	C:\Program Files\Java\jdk-17\bin\javaw.exe
Launcher args:	-jar "E:\Coisas essências para o Pc  (CSGO)\Todos os projetos\Projetos para meter GitHub\Projetos Java Netbeans\CalculatorProject.exe"
Args length:	134/32768 chars
Exit code:	0


Version:	3.50
CmdLine:	E:\Coisas essências para o Pc  (CSGO)\Todos os projetos\Projetos para meter GitHub\Projetos Java Netbeans\CalculatorProject.exe --l4j-debug
JNI:		No
WOW64:		Yes
Working dir:	E:\Coisas essências para o Pc  (CSGO)\Todos os projetos\Projetos para meter GitHub\Projetos Java Netbeans\.
Requires JDK:	Yes
Requires 64-Bit: No
Java min ver:	1.008.000
Java max ver:	
Substitute:	JAVA_HOME = 
Substitute:	PATH = C:\Program Files (x86)\Common Files\Intel\Shared Libraries\redist\intel64\compiler;C:\Program Files\Common Files\Oracle\Java\javapath;C:\Program Files (x86)\Common Files\Oracle\Java\java8path;C:\Program Files (x86)\Common Files\Oracle\Java\javapath;C:\Program Files (x86)\Intel\Intel(R) Management Engine Components\iCLS\;C:\Program Files\Intel\Intel(R) Management Engine Components\iCLS\;C:\Windows\system32;C:\Windows;C:\Windows\System32\Wbem;C:\Windows\System32\WindowsPowerShell\v1.0\;C:\Windows\System32\OpenSSH\;C:\Program Files (x86)\Intel\Intel(R) Management Engine Components\DAL;C:\Program Files\Intel\Intel(R) Management Engine Components\DAL;C:\Program Files (x86)\Intel\Intel(R) Management Engine Components\IPT;C:\Program Files\Intel\Intel(R) Management Engine Components\IPT;C:\Program Files (x86)\NVIDIA Corporation\PhysX\Common;C:\MinGW\bin;D:\MinGW\bin;C:\Program Files\dotnet\;C:\Program Files\NVIDIA Corporation\NVIDIA NvDLISR;D:\Putty\;C:\Users\MadaraExtreme\AppData\Local\Programs\Python\Python311\Scripts\;C:\Users\MadaraExtreme\AppData\Local\Programs\Python\Python311\;C:\Users\MadaraExtreme\AppData\Local\Programs\Python\Launcher\;C:\Users\MadaraExtreme\AppData\Local\Microsoft\WindowsApps;C:\Users\MadaraExtreme\AppData\Local\Programs\Microsoft VS Code\bin;C:\Users\MadaraExtreme\AppData\Local\GitHubDesktop\bin;C:\Program Files\Java\jre1.8.0_421\bin
JRE paths:	;C:\Program Files (x86)\Common Files\Intel\Shared Libraries\redist\intel64\compiler;C:\Program Files\Common Files\Oracle\Java\javapath;C:\Program Files (x86)\Common Files\Oracle\Java\java8path;C:\Program Files (x86)\Common Files\Oracle\Java\javapath;C:\Program Files (x86)\Intel\Intel(R) Management Engine Components\iCLS\;C:\Program Files\Intel\Intel(R) Management Engine Components\iCLS\;C:\Windows\system32;C:\Windows;C:\Windows\System32\Wbem;C:\Windows\System32\WindowsPowerShell\v1.0\;C:\Windows\System32\OpenSSH\;C:\Program Files (x86)\Intel\Intel(R) Management Engine Components\DAL;C:\Program Files\Intel\Intel(R) Management Engine Components\DAL;C:\Program Files (x86)\Intel\Intel(R) Management Engine Components\IPT;C:\Program Files\Intel\Intel(R) Management Engine Components\IPT;C:\Program Files (x86)\NVIDIA Corporation\PhysX\Common;C:\MinGW\bin;D:\MinGW\bin;C:\Program Files\dotnet\;C:\Program Files\NVIDIA Corporation\NVIDIA NvDLISR;D:\Putty\;C:\Users\MadaraExtreme\AppData\Local\Programs\Python\Python311\Scripts\;C:\Users\MadaraExtreme\AppData\Local\Programs\Python\Python311\;C:\Users\MadaraExtreme\AppData\Local\Programs\Python\Launcher\;C:\Users\MadaraExtreme\AppData\Local\Microsoft\WindowsApps;C:\Users\MadaraExtreme\AppData\Local\Programs\Microsoft VS Code\bin;C:\Users\MadaraExtreme\AppData\Local\GitHubDesktop\bin;C:\Program Files\Java\jre1.8.0_421\bin
Check launcher:	C:\Program Files (x86)\Common Files\Intel\Shared Libraries\redist\intel64\compiler\bin\javaw.exe (not found)
Check launcher:	C:\Program Files\Common Files\Oracle\Java\javapath\bin\javaw.exe (not found)
Check launcher:	C:\Program Files (x86)\Common Files\Oracle\Java\java8path\bin\javaw.exe (not found)
Check launcher:	C:\Program Files (x86)\Common Files\Oracle\Java\javapath\bin\javaw.exe (not found)
Check launcher:	C:\Program Files (x86)\Intel\Intel(R) Management Engine Components\iCLS\bin\javaw.exe (not found)
Check launcher:	C:\Program Files\Intel\Intel(R) Management Engine Components\iCLS\bin\javaw.exe (not found)
Check launcher:	C:\Windows\system32\bin\javaw.exe (not found)
Check launcher:	C:\Windows\bin\javaw.exe (not found)
Check launcher:	C:\Windows\System32\Wbem\bin\javaw.exe (not found)
Check launcher:	C:\Windows\System32\WindowsPowerShell\v1.0\bin\javaw.exe (not found)
Check launcher:	C:\Windows\System32\OpenSSH\bin\javaw.exe (not found)
Check launcher:	C:\Program Files (x86)\Intel\Intel(R) Management Engine Components\DAL\bin\javaw.exe (not found)
Check launcher:	C:\Program Files\Intel\Intel(R) Management Engine Components\DAL\bin\javaw.exe (not found)
Check launcher:	C:\Program Files (x86)\Intel\Intel(R) Management Engine Components\IPT\bin\javaw.exe (not found)
Check launcher:	C:\Program Files\Intel\Intel(R) Management Engine Components\IPT\bin\javaw.exe (not found)
Check launcher:	C:\Program Files (x86)\NVIDIA Corporation\PhysX\Common\bin\javaw.exe (not found)
Check launcher:	C:\MinGW\bin\javaw.exe (not found)
Check launcher:	D:\MinGW\bin\javaw.exe (not found)
Check launcher:	C:\Program Files\dotnet\bin\javaw.exe (not found)
Check launcher:	C:\Program Files\NVIDIA Corporation\NVIDIA NvDLISR\bin\javaw.exe (not found)
Check launcher:	D:\Putty\bin\javaw.exe (not found)
Check launcher:	C:\Users\MadaraExtreme\AppData\Local\Programs\Python\Python311\Scripts\bin\javaw.exe (not found)
Check launcher:	C:\Users\MadaraExtreme\AppData\Local\Programs\Python\Python311\bin\javaw.exe (not found)
Check launcher:	C:\Users\MadaraExtreme\AppData\Local\Programs\Python\Launcher\bin\javaw.exe (not found)
Check launcher:	C:\Users\MadaraExtreme\AppData\Local\Microsoft\WindowsApps\bin\javaw.exe (not found)
Check launcher:	C:\Users\MadaraExtreme\AppData\Local\Programs\Microsoft VS Code\bin\javaw.exe (not found)
Check launcher:	C:\Users\MadaraExtreme\AppData\Local\GitHubDesktop\bin\javaw.exe (not found)
Check launcher:	C:\Program Files\Java\jre1.8.0_421\bin\javaw.exe (OK)
Check javac:	C:\Program Files\Java\jre1.8.0_421\bin\javac.exe (not found)
64-bit search:	SOFTWARE\JavaSoft\Java Development Kit...
32-bit search:	SOFTWARE\JavaSoft\Java Development Kit...
64-bit search:	SOFTWARE\JavaSoft\JDK...
Check:		SOFTWARE\JavaSoft\JDK\17.0.12
Version string: 1.017.000_012 / 64-Bit (OK)
Check launcher:	C:\Program Files\Java\jdk-17\bin\javaw.exe (OK)
Check javac:	C:\Program Files\Java\jdk-17\bin\javac.exe (OK)
Match:		1.017.000_012
Runtime used:	1.017.000_012 (64-bit)
Launcher:	C:\Program Files\Java\jdk-17\bin\javaw.exe
Launcher args:	-jar "E:\Coisas essências para o Pc  (CSGO)\Todos os projetos\Projetos para meter GitHub\Projetos Java Netbeans\CalculatorProject.exe"
Args length:	134/32768 chars
Exit code:	0


Version:	3.50
CmdLine:	E:\Coisas essências para o Pc  (CSGO)\Todos os projetos\Projetos para meter GitHub\Projetos Java Netbeans\CalculatorProject.exe --l4j-debug
JNI:		No
WOW64:		Yes
Working dir:	E:\Coisas essências para o Pc  (CSGO)\Todos os projetos\Projetos para meter GitHub\Projetos Java Netbeans\.
Requires JDK:	No
Requires 64-Bit: No
Java min ver:	1.008.000
Java max ver:	
Substitute:	JAVA_HOME = 
Substitute:	PATH = C:\Program Files (x86)\Common Files\Intel\Shared Libraries\redist\intel64\compiler;C:\Program Files\Common Files\Oracle\Java\javapath;C:\Program Files (x86)\Common Files\Oracle\Java\java8path;C:\Program Files (x86)\Common Files\Oracle\Java\javapath;C:\Program Files (x86)\Intel\Intel(R) Management Engine Components\iCLS\;C:\Program Files\Intel\Intel(R) Management Engine Components\iCLS\;C:\Windows\system32;C:\Windows;C:\Windows\System32\Wbem;C:\Windows\System32\WindowsPowerShell\v1.0\;C:\Windows\System32\OpenSSH\;C:\Program Files (x86)\Intel\Intel(R) Management Engine Components\DAL;C:\Program Files\Intel\Intel(R) Management Engine Components\DAL;C:\Program Files (x86)\Intel\Intel(R) Management Engine Components\IPT;C:\Program Files\Intel\Intel(R) Management Engine Components\IPT;C:\Program Files (x86)\NVIDIA Corporation\PhysX\Common;C:\MinGW\bin;D:\MinGW\bin;C:\Program Files\dotnet\;C:\Program Files\NVIDIA Corporation\NVIDIA NvDLISR;D:\Putty\;C:\Users\MadaraExtreme\AppData\Local\Programs\Python\Python311\Scripts\;C:\Users\MadaraExtreme\AppData\Local\Programs\Python\Python311\;C:\Users\MadaraExtreme\AppData\Local\Programs\Python\Launcher\;C:\Users\MadaraExtreme\AppData\Local\Microsoft\WindowsApps;C:\Users\MadaraExtreme\AppData\Local\Programs\Microsoft VS Code\bin;C:\Users\MadaraExtreme\AppData\Local\GitHubDesktop\bin;C:\Program Files\Java\jre1.8.0_421\bin
JRE paths:	;C:\Program Files (x86)\Common Files\Intel\Shared Libraries\redist\intel64\compiler;C:\Program Files\Common Files\Oracle\Java\javapath;C:\Program Files (x86)\Common Files\Oracle\Java\java8path;C:\Program Files (x86)\Common Files\Oracle\Java\javapath;C:\Program Files (x86)\Intel\Intel(R) Management Engine Components\iCLS\;C:\Program Files\Intel\Intel(R) Management Engine Components\iCLS\;C:\Windows\system32;C:\Windows;C:\Windows\System32\Wbem;C:\Windows\System32\WindowsPowerShell\v1.0\;C:\Windows\System32\OpenSSH\;C:\Program Files (x86)\Intel\Intel(R) Management Engine Components\DAL;C:\Program Files\Intel\Intel(R) Management Engine Components\DAL;C:\Program Files (x86)\Intel\Intel(R) Management Engine Components\IPT;C:\Program Files\Intel\Intel(R) Management Engine Components\IPT;C:\Program Files (x86)\NVIDIA Corporation\PhysX\Common;C:\MinGW\bin;D:\MinGW\bin;C:\Program Files\dotnet\;C:\Program Files\NVIDIA Corporation\NVIDIA NvDLISR;D:\Putty\;C:\Users\MadaraExtreme\AppData\Local\Programs\Python\Python311\Scripts\;C:\Users\MadaraExtreme\AppData\Local\Programs\Python\Python311\;C:\Users\MadaraExtreme\AppData\Local\Programs\Python\Launcher\;C:\Users\MadaraExtreme\AppData\Local\Microsoft\WindowsApps;C:\Users\MadaraExtreme\AppData\Local\Programs\Microsoft VS Code\bin;C:\Users\MadaraExtreme\AppData\Local\GitHubDesktop\bin;C:\Program Files\Java\jre1.8.0_421\bin
Check launcher:	C:\Program Files (x86)\Common Files\Intel\Shared Libraries\redist\intel64\compiler\bin\javaw.exe (not found)
Check launcher:	C:\Program Files\Common Files\Oracle\Java\javapath\bin\javaw.exe (not found)
Check launcher:	C:\Program Files (x86)\Common Files\Oracle\Java\java8path\bin\javaw.exe (not found)
Check launcher:	C:\Program Files (x86)\Common Files\Oracle\Java\javapath\bin\javaw.exe (not found)
Check launcher:	C:\Program Files (x86)\Intel\Intel(R) Management Engine Components\iCLS\bin\javaw.exe (not found)
Check launcher:	C:\Program Files\Intel\Intel(R) Management Engine Components\iCLS\bin\javaw.exe (not found)
Check launcher:	C:\Windows\system32\bin\javaw.exe (not found)
Check launcher:	C:\Windows\bin\javaw.exe (not found)
Check launcher:	C:\Windows\System32\Wbem\bin\javaw.exe (not found)
Check launcher:	C:\Windows\System32\WindowsPowerShell\v1.0\bin\javaw.exe (not found)
Check launcher:	C:\Windows\System32\OpenSSH\bin\javaw.exe (not found)
Check launcher:	C:\Program Files (x86)\Intel\Intel(R) Management Engine Components\DAL\bin\javaw.exe (not found)
Check launcher:	C:\Program Files\Intel\Intel(R) Management Engine Components\DAL\bin\javaw.exe (not found)
Check launcher:	C:\Program Files (x86)\Intel\Intel(R) Management Engine Components\IPT\bin\javaw.exe (not found)
Check launcher:	C:\Program Files\Intel\Intel(R) Management Engine Components\IPT\bin\javaw.exe (not found)
Check launcher:	C:\Program Files (x86)\NVIDIA Corporation\PhysX\Common\bin\javaw.exe (not found)
Check launcher:	C:\MinGW\bin\javaw.exe (not found)
Check launcher:	D:\MinGW\bin\javaw.exe (not found)
Check launcher:	C:\Program Files\dotnet\bin\javaw.exe (not found)
Check launcher:	C:\Program Files\NVIDIA Corporation\NVIDIA NvDLISR\bin\javaw.exe (not found)
Check launcher:	D:\Putty\bin\javaw.exe (not found)
Check launcher:	C:\Users\MadaraExtreme\AppData\Local\Programs\Python\Python311\Scripts\bin\javaw.exe (not found)
Check launcher:	C:\Users\MadaraExtreme\AppData\Local\Programs\Python\Python311\bin\javaw.exe (not found)
Check launcher:	C:\Users\MadaraExtreme\AppData\Local\Programs\Python\Launcher\bin\javaw.exe (not found)
Check launcher:	C:\Users\MadaraExtreme\AppData\Local\Microsoft\WindowsApps\bin\javaw.exe (not found)
Check launcher:	C:\Users\MadaraExtreme\AppData\Local\Programs\Microsoft VS Code\bin\javaw.exe (not found)
Check launcher:	C:\Users\MadaraExtreme\AppData\Local\GitHubDesktop\bin\javaw.exe (not found)
Check launcher:	C:\Program Files\Java\jre1.8.0_421\bin\javaw.exe (OK)
Version string: 1.008.000_421 / 64-Bit (OK)
Launcher:	C:\Program Files\Java\jre1.8.0_421\bin\javaw.exe
Launcher args:	-jar "E:\Coisas essências para o Pc  (CSGO)\Todos os projetos\Projetos para meter GitHub\Projetos Java Netbeans\CalculatorProject.exe"
Args length:	134/32768 chars
Exit code:	0


Version:	3.50
CmdLine:	E:\Coisas essências para o Pc  (CSGO)\Todos os projetos\Projetos para meter GitHub\Projetos Java Netbeans\CalculatorProject.exe --l4j-debug
JNI:		No
WOW64:		Yes
Working dir:	E:\Coisas essências para o Pc  (CSGO)\Todos os projetos\Projetos para meter GitHub\Projetos Java Netbeans\.
Requires JDK:	Yes
Requires 64-Bit: No
Java min ver:	1.008.000
Java max ver:	
Substitute:	JAVA_HOME = 
Substitute:	PATH = C:\Program Files (x86)\Common Files\Intel\Shared Libraries\redist\intel64\compiler;C:\Program Files\Common Files\Oracle\Java\javapath;C:\Program Files (x86)\Common Files\Oracle\Java\java8path;C:\Program Files (x86)\Common Files\Oracle\Java\javapath;C:\Program Files (x86)\Intel\Intel(R) Management Engine Components\iCLS\;C:\Program Files\Intel\Intel(R) Management Engine Components\iCLS\;C:\Windows\system32;C:\Windows;C:\Windows\System32\Wbem;C:\Windows\System32\WindowsPowerShell\v1.0\;C:\Windows\System32\OpenSSH\;C:\Program Files (x86)\Intel\Intel(R) Management Engine Components\DAL;C:\Program Files\Intel\Intel(R) Management Engine Components\DAL;C:\Program Files (x86)\Intel\Intel(R) Management Engine Components\IPT;C:\Program Files\Intel\Intel(R) Management Engine Components\IPT;C:\Program Files (x86)\NVIDIA Corporation\PhysX\Common;C:\MinGW\bin;D:\MinGW\bin;C:\Program Files\dotnet\;C:\Program Files\NVIDIA Corporation\NVIDIA NvDLISR;D:\Putty\;C:\Users\MadaraExtreme\AppData\Local\Programs\Python\Python311\Scripts\;C:\Users\MadaraExtreme\AppData\Local\Programs\Python\Python311\;C:\Users\MadaraExtreme\AppData\Local\Programs\Python\Launcher\;C:\Users\MadaraExtreme\AppData\Local\Microsoft\WindowsApps;C:\Users\MadaraExtreme\AppData\Local\Programs\Microsoft VS Code\bin;C:\Users\MadaraExtreme\AppData\Local\GitHubDesktop\bin;C:\Program Files\Java\jre1.8.0_421\bin
JRE paths:	;C:\Program Files (x86)\Common Files\Intel\Shared Libraries\redist\intel64\compiler;C:\Program Files\Common Files\Oracle\Java\javapath;C:\Program Files (x86)\Common Files\Oracle\Java\java8path;C:\Program Files (x86)\Common Files\Oracle\Java\javapath;C:\Program Files (x86)\Intel\Intel(R) Management Engine Components\iCLS\;C:\Program Files\Intel\Intel(R) Management Engine Components\iCLS\;C:\Windows\system32;C:\Windows;C:\Windows\System32\Wbem;C:\Windows\System32\WindowsPowerShell\v1.0\;C:\Windows\System32\OpenSSH\;C:\Program Files (x86)\Intel\Intel(R) Management Engine Components\DAL;C:\Program Files\Intel\Intel(R) Management Engine Components\DAL;C:\Program Files (x86)\Intel\Intel(R) Management Engine Components\IPT;C:\Program Files\Intel\Intel(R) Management Engine Components\IPT;C:\Program Files (x86)\NVIDIA Corporation\PhysX\Common;C:\MinGW\bin;D:\MinGW\bin;C:\Program Files\dotnet\;C:\Program Files\NVIDIA Corporation\NVIDIA NvDLISR;D:\Putty\;C:\Users\MadaraExtreme\AppData\Local\Programs\Python\Python311\Scripts\;C:\Users\MadaraExtreme\AppData\Local\Programs\Python\Python311\;C:\Users\MadaraExtreme\AppData\Local\Programs\Python\Launcher\;C:\Users\MadaraExtreme\AppData\Local\Microsoft\WindowsApps;C:\Users\MadaraExtreme\AppData\Local\Programs\Microsoft VS Code\bin;C:\Users\MadaraExtreme\AppData\Local\GitHubDesktop\bin;C:\Program Files\Java\jre1.8.0_421\bin
Check launcher:	C:\Program Files (x86)\Common Files\Intel\Shared Libraries\redist\intel64\compiler\bin\javaw.exe (not found)
Check launcher:	C:\Program Files\Common Files\Oracle\Java\javapath\bin\javaw.exe (not found)
Check launcher:	C:\Program Files (x86)\Common Files\Oracle\Java\java8path\bin\javaw.exe (not found)
Check launcher:	C:\Program Files (x86)\Common Files\Oracle\Java\javapath\bin\javaw.exe (not found)
Check launcher:	C:\Program Files (x86)\Intel\Intel(R) Management Engine Components\iCLS\bin\javaw.exe (not found)
Check launcher:	C:\Program Files\Intel\Intel(R) Management Engine Components\iCLS\bin\javaw.exe (not found)
Check launcher:	C:\Windows\system32\bin\javaw.exe (not found)
Check launcher:	C:\Windows\bin\javaw.exe (not found)
Check launcher:	C:\Windows\System32\Wbem\bin\javaw.exe (not found)
Check launcher:	C:\Windows\System32\WindowsPowerShell\v1.0\bin\javaw.exe (not found)
Check launcher:	C:\Windows\System32\OpenSSH\bin\javaw.exe (not found)
Check launcher:	C:\Program Files (x86)\Intel\Intel(R) Management Engine Components\DAL\bin\javaw.exe (not found)
Check launcher:	C:\Program Files\Intel\Intel(R) Management Engine Components\DAL\bin\javaw.exe (not found)
Check launcher:	C:\Program Files (x86)\Intel\Intel(R) Management Engine Components\IPT\bin\javaw.exe (not found)
Check launcher:	C:\Program Files\Intel\Intel(R) Management Engine Components\IPT\bin\javaw.exe (not found)
Check launcher:	C:\Program Files (x86)\NVIDIA Corporation\PhysX\Common\bin\javaw.exe (not found)
Check launcher:	C:\MinGW\bin\javaw.exe (not found)
Check launcher:	D:\MinGW\bin\javaw.exe (not found)
Check launcher:	C:\Program Files\dotnet\bin\javaw.exe (not found)
Check launcher:	C:\Program Files\NVIDIA Corporation\NVIDIA NvDLISR\bin\javaw.exe (not found)
Check launcher:	D:\Putty\bin\javaw.exe (not found)
Check launcher:	C:\Users\MadaraExtreme\AppData\Local\Programs\Python\Python311\Scripts\bin\javaw.exe (not found)
Check launcher:	C:\Users\MadaraExtreme\AppData\Local\Programs\Python\Python311\bin\javaw.exe (not found)
Check launcher:	C:\Users\MadaraExtreme\AppData\Local\Programs\Python\Launcher\bin\javaw.exe (not found)
Check launcher:	C:\Users\MadaraExtreme\AppData\Local\Microsoft\WindowsApps\bin\javaw.exe (not found)
Check launcher:	C:\Users\MadaraExtreme\AppData\Local\Programs\Microsoft VS Code\bin\javaw.exe (not found)
Check launcher:	C:\Users\MadaraExtreme\AppData\Local\GitHubDesktop\bin\javaw.exe (not found)
Check launcher:	C:\Program Files\Java\jre1.8.0_421\bin\javaw.exe (OK)
Check javac:	C:\Program Files\Java\jre1.8.0_421\bin\javac.exe (not found)
64-bit search:	SOFTWARE\JavaSoft\Java Development Kit...
32-bit search:	SOFTWARE\JavaSoft\Java Development Kit...
64-bit search:	SOFTWARE\JavaSoft\JDK...
Check:		SOFTWARE\JavaSoft\JDK\17.0.12
Version string: 1.017.000_012 / 64-Bit (OK)
Check launcher:	C:\Program Files\Java\jdk-17\bin\javaw.exe (OK)
Check javac:	C:\Program Files\Java\jdk-17\bin\javac.exe (OK)
Match:		1.017.000_012
Runtime used:	1.017.000_012 (64-bit)
Launcher:	C:\Program Files\Java\jdk-17\bin\javaw.exe
Launcher args:	-jar "E:\Coisas essências para o Pc  (CSGO)\Todos os projetos\Projetos para meter GitHub\Projetos Java Netbeans\CalculatorProject.exe"
Args length:	134/32768 chars
Exit code:	0
